#
# A fatal error has been detected by the Java Runtime Environment:
#
#  EXCEPTION_ACCESS_VIOLATION (0xc0000005) at pc=0x00007ff803055f8d, pid=4520, tid=13532
#
# JRE version: OpenJDK Runtime Environment JBR-17.0.4+7-469.53-jcef (17.0.4+7) (build 17.0.4+7-b469.53)
# Java VM: OpenJDK 64-Bit Server VM JBR-17.0.4+7-469.53-jcef (17.0.4+7-b469.53, mixed mode, tiered, compressed oops, compressed class ptrs, g1 gc, windows-amd64)
# Problematic frame:
# C  [atio6axx.dll+0xd5f8d]
#
# No core dump will be written. Minidumps are not enabled by default on client versions of Windows
#
# If you would like to submit a bug report, please visit:
#   https://youtrack.jetbrains.com/issues/JBR
# The crash happened outside the Java Virtual Machine in native code.
# See problematic frame for where to report the bug.
#

---------------  S U M M A R Y ------------

Command Line: -Dfile.encoding=windows-1254 -Duser.country=US -Duser.language=en -Duser.variant me.raven.Main

Host: AMD Ryzen 3 4100 4-Core Processor              , 8 cores, 15G,  Windows 11 , 64 bit Build 22621 (10.0.22621.755)
Time: Fri Dec  2 16:17:01 2022 Turkey Standard Time elapsed time: 0.545030 seconds (0d 0h 0m 0s)

---------------  T H R E A D  ---------------

Current thread (0x000001feeb181e00):  JavaThread "main" [_thread_in_native, id=13532, stack(0x00000015dfa00000,0x00000015dfb00000)]

Stack: [0x00000015dfa00000,0x00000015dfb00000],  sp=0x00000015dfaff118,  free space=1020k
Native frames: (J=compiled Java code, j=interpreted, Vv=VM code, C=native code)
C  [atio6axx.dll+0xd5f8d]

Java frames: (J=compiled Java code, j=interpreted, Vv=VM code)
j  org.lwjgl.opengl.GL11C.nglTexImage2D(IIIIIIIIJ)V+0
j  org.lwjgl.opengl.GL11C.glTexImage2D(IIIIIIIIJ)V+14
j  org.lwjgl.opengl.GL11.glTexImage2D(IIIIIIIIJ)V+14
j  me.raven.Engine.Utils.Texture.<init>(I)V+84
j  me.raven.Engine.Renderer.TexturedBatchRenderer.<init>()V+91
j  me.raven.Engine.Renderer.Renderer.createTextureBatchRenderer()V+8
j  me.raven.Sandbox.Managers.GameManager.loop()V+22
j  me.raven.Main.main([Ljava/lang/String;)V+9
v  ~StubRoutines::call_stub

siginfo: EXCEPTION_ACCESS_VIOLATION (0xc0000005), reading address 0xffffffffffffffff


Register to memory mapping:

RIP=0x00007ff803055f8d atio6axx.dll
RAX=0x00007ff803055f8d atio6axx.dll
RBX=0x000001fe968ea208 points into unknown readable memory: 0x0000000000000000 | 00 00 00 00 00 00 00 00
RCX=0x000001fe968ea240 points into unknown readable memory: 0x0000000000000000 | 00 00 00 00 00 00 00 00
RDX=0xffffffffffffffff is an unknown value
RSP=0x00000015dfaff118 is pointing into the stack for thread: 0x000001feeb181e00
RBP=0x00000015dfaff1b1 is pointing into the stack for thread: 0x000001feeb181e00
RSI=0x000001fe968ea240 points into unknown readable memory: 0x0000000000000000 | 00 00 00 00 00 00 00 00
RDI=0x0000000000001908 is an unknown value
R8 =0x0000000000000004 is an unknown value
R9 =0x00007ff802f80000 atio6axx.dll
R10=0x0000000000000004 is an unknown value
R11=0x000001fe95f4bdd0 points into unknown readable memory: 0x0000000000000000 | 00 00 00 00 00 00 00 00
R12=0x0000000000000008 is an unknown value
R13=0x0000000000000004 is an unknown value
R14=0x000001fe95ec7080 points into unknown readable memory: 0x00007ff805ef0830 | 30 08 ef 05 f8 7f 00 00
R15=0x0 is NULL


Registers:
RAX=0x00007ff803055f8d, RBX=0x000001fe968ea208, RCX=0x000001fe968ea240, RDX=0xffffffffffffffff
RSP=0x00000015dfaff118, RBP=0x00000015dfaff1b1, RSI=0x000001fe968ea240, RDI=0x0000000000001908
R8 =0x0000000000000004, R9 =0x00007ff802f80000, R10=0x0000000000000004, R11=0x000001fe95f4bdd0
R12=0x0000000000000008, R13=0x0000000000000004, R14=0x000001fe95ec7080, R15=0x0000000000000000
RIP=0x00007ff803055f8d, EFLAGS=0x0000000000010206

Top of Stack: (sp=0x00000015dfaff118)
0x00000015dfaff118:   00007ff8036fd9c3 00000015dfaff0d0
0x00000015dfaff128:   000001feee8f6000 0000000000000000
0x00000015dfaff138:   000001feee8f604b 000001fe00000001
0x00000015dfaff148:   0000000000000001 0000000000001908
0x00000015dfaff158:   0000000000001401 000001fe00000000
0x00000015dfaff168:   0000000000010000 000001fe95ec7080
0x00000015dfaff178:   00007ff803460080 0000000000000000
0x00000015dfaff188:   0000000000000008 0000000000000040
0x00000015dfaff198:   0000000000000000 000000000000001d
0x00000015dfaff1a8:   00007ff80345ed5f 000001fe9893f4b8
0x00000015dfaff1b8:   0000000000001908 0000000000001401
0x00000015dfaff1c8:   0000000000000001 0000000000000000
0x00000015dfaff1d8:   0000000000000000 0000000000004df4
0x00000015dfaff1e8:   000001fe95ec7080 000001fe9595c048
0x00000015dfaff1f8:   00007ff8037d6c87 000001fe95ec7000
0x00000015dfaff208:   000001fe00000de1 0000000000000000 

Instructions: (pc=0x00007ff803055f8d)
0x00007ff803055e8d:   0f e7 4c 1a 60 48 8d 92 80 00 00 00 4a 8d 0c 0a
0x00007ff803055e9d:   49 3b c8 76 8e 48 8d 48 10 49 3b c8 77 31 41 b9
0x00007ff803055ead:   10 00 00 00 4a 8d 14 10 4d 2b ca 0f 1f 84 00 00
0x00007ff803055ebd:   00 00 00 f3 0f 6f 02 48 8d 52 10 48 83 c0 10 4a
0x00007ff803055ecd:   8d 0c 0a 66 42 0f e7 44 1a f0 49 3b c8 76 e4 48
0x00007ff803055edd:   8d 48 04 49 3b c8 77 32 4d 8b da 48 8d 14 18 4c
0x00007ff803055eed:   2b db 41 b9 04 00 00 00 4c 2b cb 0f 1f 84 00 00
0x00007ff803055efd:   00 00 00 42 8b 0c 1a 48 83 c0 04 89 0a 48 8d 52
0x00007ff803055f0d:   04 4a 8d 0c 0a 49 3b c8 76 e9 49 3b c0 73 10 4c
0x00007ff803055f1d:   2b c0 4a 8d 14 10 48 8d 0c 18 e8 04 24 e7 01 40
0x00007ff803055f2d:   84 f6 74 0c 80 bf ce 2b 00 00 00 74 03 0f ae f8
0x00007ff803055f3d:   48 8b 5c 24 30 48 8b 74 24 38 48 83 c4 20 5f c3
0x00007ff803055f4d:   cc cc cc 49 8d 40 ff 48 83 f8 3f 0f 87 d2 06 00
0x00007ff803055f5d:   00 4c 8d 0d 9b a0 f2 ff 41 8b 84 81 38 66 0d 00
0x00007ff803055f6d:   49 03 c1 ff e0 0f b6 02 88 01 c3 0f b7 02 66 89
0x00007ff803055f7d:   01 c3 0f b7 02 66 89 01 0f b6 42 02 88 41 02 c3
0x00007ff803055f8d:   8b 02 89 01 c3 8b 02 89 01 0f b6 42 04 88 41 04
0x00007ff803055f9d:   c3 8b 02 89 01 0f b7 42 04 66 89 41 04 c3 8b 02
0x00007ff803055fad:   89 01 0f b7 42 04 66 89 41 04 0f b6 42 06 88 41
0x00007ff803055fbd:   06 c3 48 8b 02 48 89 01 c3 f2 0f 10 02 f2 0f 11
0x00007ff803055fcd:   01 0f b6 42 08 88 41 08 c3 f2 0f 10 02 f2 0f 11
0x00007ff803055fdd:   01 0f b7 42 08 66 89 41 08 c3 f2 0f 10 02 f2 0f
0x00007ff803055fed:   11 01 0f b7 42 08 66 89 41 08 0f b6 42 0a 88 41
0x00007ff803055ffd:   0a c3 f2 0f 10 02 f2 0f 11 01 8b 42 08 89 41 08
0x00007ff80305600d:   c3 f2 0f 10 02 f2 0f 11 01 8b 42 08 89 41 08 0f
0x00007ff80305601d:   b6 42 0c 88 41 0c c3 f2 0f 10 02 f2 0f 11 01 8b
0x00007ff80305602d:   42 08 89 41 08 0f b7 42 0c 66 89 41 0c c3 f2 0f
0x00007ff80305603d:   10 02 f2 0f 11 01 8b 42 08 89 41 08 0f b7 42 0c
0x00007ff80305604d:   66 89 41 0c 0f b6 42 0e 88 41 0e c3 0f 10 02 0f
0x00007ff80305605d:   11 01 c3 0f 10 02 0f 11 01 0f b6 42 10 88 41 10
0x00007ff80305606d:   c3 0f 10 02 0f 11 01 0f b7 42 10 66 89 41 10 c3
0x00007ff80305607d:   0f 10 02 0f 11 01 0f b7 42 10 66 89 41 10 0f b6 


Stack slot to memory mapping:
stack at sp + 0 slots: 0x00007ff8036fd9c3 atio6axx.dll
stack at sp + 1 slots: 0x00000015dfaff0d0 is pointing into the stack for thread: 0x000001feeb181e00
stack at sp + 2 slots: 0x000001feee8f6000 is at code_begin+0 in 
[CodeBlob (0x000001feee8f5f90)]
Framesize: 0
BufferBlob (0x000001feee8f5f90) used for Signature Handler Temp Buffer
stack at sp + 3 slots: 0x0 is NULL
stack at sp + 4 slots: 0x000001feee8f604b is at code_begin+75 in 
[CodeBlob (0x000001feee8f5f90)]
Framesize: 0
BufferBlob (0x000001feee8f5f90) used for Signature Handler Temp Buffer
stack at sp + 5 slots: 0x000001fe00000001 is an unknown value
stack at sp + 6 slots: 0x0000000000000001 is an unknown value
stack at sp + 7 slots: 0x0000000000001908 is an unknown value


---------------  P R O C E S S  ---------------

Threads class SMR info:
_java_thread_list=0x000001fe8aa27ba0, length=12, elements={
0x000001feeb181e00, 0x000001fe8a84a570, 0x000001fe8a84b030, 0x000001fe8a89bcb0,
0x000001fe8a89c570, 0x000001fe8a89ce30, 0x000001fe8a89df00, 0x000001fe8a8a1ff0,
0x000001fe8a8a2db0, 0x000001fe8a8c8020, 0x000001fe8aa1a550, 0x000001fe8aa20470
}

Java Threads: ( => current thread )
=>0x000001feeb181e00 JavaThread "main" [_thread_in_native, id=13532, stack(0x00000015dfa00000,0x00000015dfb00000)]
  0x000001fe8a84a570 JavaThread "Reference Handler" daemon [_thread_blocked, id=6348, stack(0x00000015e0100000,0x00000015e0200000)]
  0x000001fe8a84b030 JavaThread "Finalizer" daemon [_thread_blocked, id=10560, stack(0x00000015e0200000,0x00000015e0300000)]
  0x000001fe8a89bcb0 JavaThread "Signal Dispatcher" daemon [_thread_blocked, id=10536, stack(0x00000015e0300000,0x00000015e0400000)]
  0x000001fe8a89c570 JavaThread "Attach Listener" daemon [_thread_blocked, id=11352, stack(0x00000015e0400000,0x00000015e0500000)]
  0x000001fe8a89ce30 JavaThread "Service Thread" daemon [_thread_blocked, id=18144, stack(0x00000015e0500000,0x00000015e0600000)]
  0x000001fe8a89df00 JavaThread "Monitor Deflation Thread" daemon [_thread_blocked, id=19408, stack(0x00000015e0600000,0x00000015e0700000)]
  0x000001fe8a8a1ff0 JavaThread "C2 CompilerThread0" daemon [_thread_blocked, id=13416, stack(0x00000015e0700000,0x00000015e0800000)]
  0x000001fe8a8a2db0 JavaThread "C1 CompilerThread0" daemon [_thread_blocked, id=17384, stack(0x00000015e0800000,0x00000015e0900000)]
  0x000001fe8a8c8020 JavaThread "Sweeper thread" daemon [_thread_blocked, id=8108, stack(0x00000015e0900000,0x00000015e0a00000)]
  0x000001fe8aa1a550 JavaThread "Notification Thread" daemon [_thread_blocked, id=11888, stack(0x00000015e0a00000,0x00000015e0b00000)]
  0x000001fe8aa20470 JavaThread "Common-Cleaner" daemon [_thread_blocked, id=18308, stack(0x00000015e0c00000,0x00000015e0d00000)]

Other Threads:
  0x000001feffe9e6d0 VMThread "VM Thread" [stack: 0x00000015e0000000,0x00000015e0100000] [id=19796]
  0x000001fe8a86c210 WatcherThread [stack: 0x00000015e0b00000,0x00000015e0c00000] [id=1292]
  0x000001feeb1ee3f0 GCTaskThread "GC Thread#0" [stack: 0x00000015dfb00000,0x00000015dfc00000] [id=5508]
  0x000001feeb1ff1f0 ConcurrentGCThread "G1 Main Marker" [stack: 0x00000015dfc00000,0x00000015dfd00000] [id=6764]
  0x000001feeb1ffb10 ConcurrentGCThread "G1 Conc#0" [stack: 0x00000015dfd00000,0x00000015dfe00000] [id=6236]
  0x000001feeb23e050 ConcurrentGCThread "G1 Refine#0" [stack: 0x00000015dfe00000,0x00000015dff00000] [id=4052]
  0x000001feeb23e820 ConcurrentGCThread "G1 Service" [stack: 0x00000015dff00000,0x00000015e0000000] [id=16620]

Threads with active compile tasks:

VM state: not at safepoint (normal execution)

VM Mutex/Monitor currently owned by a thread: None

Heap address: 0x0000000701a00000, size: 4070 MB, Compressed Oops mode: Zero based, Oop shift amount: 3

CDS archive(s) not mapped
Compressed class space mapped at: 0x0000000800000000-0x0000000840000000, reserved size: 1073741824
Narrow klass base: 0x0000000800000000, Narrow klass shift: 0, Narrow klass range: 0x40000000

GC Precious Log:
 CPUs: 8 total, 8 available
 Memory: 16277M
 Large Page Support: Disabled
 NUMA Support: Disabled
 Compressed Oops: Enabled (Zero based)
 Heap Region Size: 2M
 Heap Min Capacity: 8M
 Heap Initial Capacity: 256M
 Heap Max Capacity: 4070M
 Pre-touch: Disabled
 Parallel Workers: 8
 Concurrent Workers: 2
 Concurrent Refinement Workers: 8
 Periodic GC: Disabled

Heap:
 garbage-first heap   total 262144K, used 12288K [0x0000000701a00000, 0x0000000800000000)
  region size 2048K, 5 young (10240K), 0 survivors (0K)
 Metaspace       used 9938K, committed 10112K, reserved 1064960K
  class space    used 759K, committed 832K, reserved 1048576K

Heap Regions: E=young(eden), S=young(survivor), O=old, HS=humongous(starts), HC=humongous(continues), CS=collection set, F=free, OA=open archive, CA=closed archive, TAMS=top-at-mark-start (previous, next)
|   0|0x0000000701a00000, 0x0000000701c00000, 0x0000000701c00000|100%|HS|  |TAMS 0x0000000701a00000, 0x0000000701a00000| Complete 
|   1|0x0000000701c00000, 0x0000000701e00000, 0x0000000701e00000|100%|HS|  |TAMS 0x0000000701c00000, 0x0000000701c00000| Complete 
|   2|0x0000000701e00000, 0x0000000701e00000, 0x0000000702000000|  0%| F|  |TAMS 0x0000000701e00000, 0x0000000701e00000| Untracked 
|   3|0x0000000702000000, 0x0000000702000000, 0x0000000702200000|  0%| F|  |TAMS 0x0000000702000000, 0x0000000702000000| Untracked 
|   4|0x0000000702200000, 0x0000000702200000, 0x0000000702400000|  0%| F|  |TAMS 0x0000000702200000, 0x0000000702200000| Untracked 
|   5|0x0000000702400000, 0x0000000702400000, 0x0000000702600000|  0%| F|  |TAMS 0x0000000702400000, 0x0000000702400000| Untracked 
|   6|0x0000000702600000, 0x0000000702600000, 0x0000000702800000|  0%| F|  |TAMS 0x0000000702600000, 0x0000000702600000| Untracked 
|   7|0x0000000702800000, 0x0000000702800000, 0x0000000702a00000|  0%| F|  |TAMS 0x0000000702800000, 0x0000000702800000| Untracked 
|   8|0x0000000702a00000, 0x0000000702a00000, 0x0000000702c00000|  0%| F|  |TAMS 0x0000000702a00000, 0x0000000702a00000| Untracked 
|   9|0x0000000702c00000, 0x0000000702c00000, 0x0000000702e00000|  0%| F|  |TAMS 0x0000000702c00000, 0x0000000702c00000| Untracked 
|  10|0x0000000702e00000, 0x0000000702e00000, 0x0000000703000000|  0%| F|  |TAMS 0x0000000702e00000, 0x0000000702e00000| Untracked 
|  11|0x0000000703000000, 0x0000000703000000, 0x0000000703200000|  0%| F|  |TAMS 0x0000000703000000, 0x0000000703000000| Untracked 
|  12|0x0000000703200000, 0x0000000703200000, 0x0000000703400000|  0%| F|  |TAMS 0x0000000703200000, 0x0000000703200000| Untracked 
|  13|0x0000000703400000, 0x0000000703400000, 0x0000000703600000|  0%| F|  |TAMS 0x0000000703400000, 0x0000000703400000| Untracked 
|  14|0x0000000703600000, 0x0000000703600000, 0x0000000703800000|  0%| F|  |TAMS 0x0000000703600000, 0x0000000703600000| Untracked 
|  15|0x0000000703800000, 0x0000000703800000, 0x0000000703a00000|  0%| F|  |TAMS 0x0000000703800000, 0x0000000703800000| Untracked 
|  16|0x0000000703a00000, 0x0000000703a00000, 0x0000000703c00000|  0%| F|  |TAMS 0x0000000703a00000, 0x0000000703a00000| Untracked 
|  17|0x0000000703c00000, 0x0000000703c00000, 0x0000000703e00000|  0%| F|  |TAMS 0x0000000703c00000, 0x0000000703c00000| Untracked 
|  18|0x0000000703e00000, 0x0000000703e00000, 0x0000000704000000|  0%| F|  |TAMS 0x0000000703e00000, 0x0000000703e00000| Untracked 
|  19|0x0000000704000000, 0x0000000704000000, 0x0000000704200000|  0%| F|  |TAMS 0x0000000704000000, 0x0000000704000000| Untracked 
|  20|0x0000000704200000, 0x0000000704200000, 0x0000000704400000|  0%| F|  |TAMS 0x0000000704200000, 0x0000000704200000| Untracked 
|  21|0x0000000704400000, 0x0000000704400000, 0x0000000704600000|  0%| F|  |TAMS 0x0000000704400000, 0x0000000704400000| Untracked 
|  22|0x0000000704600000, 0x0000000704600000, 0x0000000704800000|  0%| F|  |TAMS 0x0000000704600000, 0x0000000704600000| Untracked 
|  23|0x0000000704800000, 0x0000000704800000, 0x0000000704a00000|  0%| F|  |TAMS 0x0000000704800000, 0x0000000704800000| Untracked 
|  24|0x0000000704a00000, 0x0000000704a00000, 0x0000000704c00000|  0%| F|  |TAMS 0x0000000704a00000, 0x0000000704a00000| Untracked 
|  25|0x0000000704c00000, 0x0000000704c00000, 0x0000000704e00000|  0%| F|  |TAMS 0x0000000704c00000, 0x0000000704c00000| Untracked 
|  26|0x0000000704e00000, 0x0000000704e00000, 0x0000000705000000|  0%| F|  |TAMS 0x0000000704e00000, 0x0000000704e00000| Untracked 
|  27|0x0000000705000000, 0x0000000705000000, 0x0000000705200000|  0%| F|  |TAMS 0x0000000705000000, 0x0000000705000000| Untracked 
|  28|0x0000000705200000, 0x0000000705200000, 0x0000000705400000|  0%| F|  |TAMS 0x0000000705200000, 0x0000000705200000| Untracked 
|  29|0x0000000705400000, 0x0000000705400000, 0x0000000705600000|  0%| F|  |TAMS 0x0000000705400000, 0x0000000705400000| Untracked 
|  30|0x0000000705600000, 0x0000000705600000, 0x0000000705800000|  0%| F|  |TAMS 0x0000000705600000, 0x0000000705600000| Untracked 
|  31|0x0000000705800000, 0x0000000705800000, 0x0000000705a00000|  0%| F|  |TAMS 0x0000000705800000, 0x0000000705800000| Untracked 
|  32|0x0000000705a00000, 0x0000000705a00000, 0x0000000705c00000|  0%| F|  |TAMS 0x0000000705a00000, 0x0000000705a00000| Untracked 
|  33|0x0000000705c00000, 0x0000000705c00000, 0x0000000705e00000|  0%| F|  |TAMS 0x0000000705c00000, 0x0000000705c00000| Untracked 
|  34|0x0000000705e00000, 0x0000000705e00000, 0x0000000706000000|  0%| F|  |TAMS 0x0000000705e00000, 0x0000000705e00000| Untracked 
|  35|0x0000000706000000, 0x0000000706000000, 0x0000000706200000|  0%| F|  |TAMS 0x0000000706000000, 0x0000000706000000| Untracked 
|  36|0x0000000706200000, 0x0000000706200000, 0x0000000706400000|  0%| F|  |TAMS 0x0000000706200000, 0x0000000706200000| Untracked 
|  37|0x0000000706400000, 0x0000000706400000, 0x0000000706600000|  0%| F|  |TAMS 0x0000000706400000, 0x0000000706400000| Untracked 
|  38|0x0000000706600000, 0x0000000706600000, 0x0000000706800000|  0%| F|  |TAMS 0x0000000706600000, 0x0000000706600000| Untracked 
|  39|0x0000000706800000, 0x0000000706800000, 0x0000000706a00000|  0%| F|  |TAMS 0x0000000706800000, 0x0000000706800000| Untracked 
|  40|0x0000000706a00000, 0x0000000706a00000, 0x0000000706c00000|  0%| F|  |TAMS 0x0000000706a00000, 0x0000000706a00000| Untracked 
|  41|0x0000000706c00000, 0x0000000706c00000, 0x0000000706e00000|  0%| F|  |TAMS 0x0000000706c00000, 0x0000000706c00000| Untracked 
|  42|0x0000000706e00000, 0x0000000706e00000, 0x0000000707000000|  0%| F|  |TAMS 0x0000000706e00000, 0x0000000706e00000| Untracked 
|  43|0x0000000707000000, 0x0000000707000000, 0x0000000707200000|  0%| F|  |TAMS 0x0000000707000000, 0x0000000707000000| Untracked 
|  44|0x0000000707200000, 0x0000000707200000, 0x0000000707400000|  0%| F|  |TAMS 0x0000000707200000, 0x0000000707200000| Untracked 
|  45|0x0000000707400000, 0x0000000707400000, 0x0000000707600000|  0%| F|  |TAMS 0x0000000707400000, 0x0000000707400000| Untracked 
|  46|0x0000000707600000, 0x0000000707600000, 0x0000000707800000|  0%| F|  |TAMS 0x0000000707600000, 0x0000000707600000| Untracked 
|  47|0x0000000707800000, 0x0000000707800000, 0x0000000707a00000|  0%| F|  |TAMS 0x0000000707800000, 0x0000000707800000| Untracked 
|  48|0x0000000707a00000, 0x0000000707a00000, 0x0000000707c00000|  0%| F|  |TAMS 0x0000000707a00000, 0x0000000707a00000| Untracked 
|  49|0x0000000707c00000, 0x0000000707c00000, 0x0000000707e00000|  0%| F|  |TAMS 0x0000000707c00000, 0x0000000707c00000| Untracked 
|  50|0x0000000707e00000, 0x0000000707e00000, 0x0000000708000000|  0%| F|  |TAMS 0x0000000707e00000, 0x0000000707e00000| Untracked 
|  51|0x0000000708000000, 0x0000000708000000, 0x0000000708200000|  0%| F|  |TAMS 0x0000000708000000, 0x0000000708000000| Untracked 
|  52|0x0000000708200000, 0x0000000708200000, 0x0000000708400000|  0%| F|  |TAMS 0x0000000708200000, 0x0000000708200000| Untracked 
|  53|0x0000000708400000, 0x0000000708400000, 0x0000000708600000|  0%| F|  |TAMS 0x0000000708400000, 0x0000000708400000| Untracked 
|  54|0x0000000708600000, 0x0000000708600000, 0x0000000708800000|  0%| F|  |TAMS 0x0000000708600000, 0x0000000708600000| Untracked 
|  55|0x0000000708800000, 0x0000000708800000, 0x0000000708a00000|  0%| F|  |TAMS 0x0000000708800000, 0x0000000708800000| Untracked 
|  56|0x0000000708a00000, 0x0000000708a00000, 0x0000000708c00000|  0%| F|  |TAMS 0x0000000708a00000, 0x0000000708a00000| Untracked 
|  57|0x0000000708c00000, 0x0000000708c00000, 0x0000000708e00000|  0%| F|  |TAMS 0x0000000708c00000, 0x0000000708c00000| Untracked 
|  58|0x0000000708e00000, 0x0000000708e00000, 0x0000000709000000|  0%| F|  |TAMS 0x0000000708e00000, 0x0000000708e00000| Untracked 
|  59|0x0000000709000000, 0x0000000709000000, 0x0000000709200000|  0%| F|  |TAMS 0x0000000709000000, 0x0000000709000000| Untracked 
|  60|0x0000000709200000, 0x0000000709200000, 0x0000000709400000|  0%| F|  |TAMS 0x0000000709200000, 0x0000000709200000| Untracked 
|  61|0x0000000709400000, 0x0000000709400000, 0x0000000709600000|  0%| F|  |TAMS 0x0000000709400000, 0x0000000709400000| Untracked 
|  62|0x0000000709600000, 0x0000000709600000, 0x0000000709800000|  0%| F|  |TAMS 0x0000000709600000, 0x0000000709600000| Untracked 
|  63|0x0000000709800000, 0x0000000709800000, 0x0000000709a00000|  0%| F|  |TAMS 0x0000000709800000, 0x0000000709800000| Untracked 
|  64|0x0000000709a00000, 0x0000000709a00000, 0x0000000709c00000|  0%| F|  |TAMS 0x0000000709a00000, 0x0000000709a00000| Untracked 
|  65|0x0000000709c00000, 0x0000000709c00000, 0x0000000709e00000|  0%| F|  |TAMS 0x0000000709c00000, 0x0000000709c00000| Untracked 
|  66|0x0000000709e00000, 0x0000000709e00000, 0x000000070a000000|  0%| F|  |TAMS 0x0000000709e00000, 0x0000000709e00000| Untracked 
|  67|0x000000070a000000, 0x000000070a000000, 0x000000070a200000|  0%| F|  |TAMS 0x000000070a000000, 0x000000070a000000| Untracked 
|  68|0x000000070a200000, 0x000000070a200000, 0x000000070a400000|  0%| F|  |TAMS 0x000000070a200000, 0x000000070a200000| Untracked 
|  69|0x000000070a400000, 0x000000070a400000, 0x000000070a600000|  0%| F|  |TAMS 0x000000070a400000, 0x000000070a400000| Untracked 
|  70|0x000000070a600000, 0x000000070a600000, 0x000000070a800000|  0%| F|  |TAMS 0x000000070a600000, 0x000000070a600000| Untracked 
|  71|0x000000070a800000, 0x000000070a800000, 0x000000070aa00000|  0%| F|  |TAMS 0x000000070a800000, 0x000000070a800000| Untracked 
|  72|0x000000070aa00000, 0x000000070aa00000, 0x000000070ac00000|  0%| F|  |TAMS 0x000000070aa00000, 0x000000070aa00000| Untracked 
|  73|0x000000070ac00000, 0x000000070ac00000, 0x000000070ae00000|  0%| F|  |TAMS 0x000000070ac00000, 0x000000070ac00000| Untracked 
|  74|0x000000070ae00000, 0x000000070ae00000, 0x000000070b000000|  0%| F|  |TAMS 0x000000070ae00000, 0x000000070ae00000| Untracked 
|  75|0x000000070b000000, 0x000000070b000000, 0x000000070b200000|  0%| F|  |TAMS 0x000000070b000000, 0x000000070b000000| Untracked 
|  76|0x000000070b200000, 0x000000070b200000, 0x000000070b400000|  0%| F|  |TAMS 0x000000070b200000, 0x000000070b200000| Untracked 
|  77|0x000000070b400000, 0x000000070b400000, 0x000000070b600000|  0%| F|  |TAMS 0x000000070b400000, 0x000000070b400000| Untracked 
|  78|0x000000070b600000, 0x000000070b600000, 0x000000070b800000|  0%| F|  |TAMS 0x000000070b600000, 0x000000070b600000| Untracked 
|  79|0x000000070b800000, 0x000000070b800000, 0x000000070ba00000|  0%| F|  |TAMS 0x000000070b800000, 0x000000070b800000| Untracked 
|  80|0x000000070ba00000, 0x000000070ba00000, 0x000000070bc00000|  0%| F|  |TAMS 0x000000070ba00000, 0x000000070ba00000| Untracked 
|  81|0x000000070bc00000, 0x000000070bc00000, 0x000000070be00000|  0%| F|  |TAMS 0x000000070bc00000, 0x000000070bc00000| Untracked 
|  82|0x000000070be00000, 0x000000070be00000, 0x000000070c000000|  0%| F|  |TAMS 0x000000070be00000, 0x000000070be00000| Untracked 
|  83|0x000000070c000000, 0x000000070c000000, 0x000000070c200000|  0%| F|  |TAMS 0x000000070c000000, 0x000000070c000000| Untracked 
|  84|0x000000070c200000, 0x000000070c200000, 0x000000070c400000|  0%| F|  |TAMS 0x000000070c200000, 0x000000070c200000| Untracked 
|  85|0x000000070c400000, 0x000000070c400000, 0x000000070c600000|  0%| F|  |TAMS 0x000000070c400000, 0x000000070c400000| Untracked 
|  86|0x000000070c600000, 0x000000070c600000, 0x000000070c800000|  0%| F|  |TAMS 0x000000070c600000, 0x000000070c600000| Untracked 
|  87|0x000000070c800000, 0x000000070c800000, 0x000000070ca00000|  0%| F|  |TAMS 0x000000070c800000, 0x000000070c800000| Untracked 
|  88|0x000000070ca00000, 0x000000070ca00000, 0x000000070cc00000|  0%| F|  |TAMS 0x000000070ca00000, 0x000000070ca00000| Untracked 
|  89|0x000000070cc00000, 0x000000070cc00000, 0x000000070ce00000|  0%| F|  |TAMS 0x000000070cc00000, 0x000000070cc00000| Untracked 
|  90|0x000000070ce00000, 0x000000070ce00000, 0x000000070d000000|  0%| F|  |TAMS 0x000000070ce00000, 0x000000070ce00000| Untracked 
|  91|0x000000070d000000, 0x000000070d000000, 0x000000070d200000|  0%| F|  |TAMS 0x000000070d000000, 0x000000070d000000| Untracked 
|  92|0x000000070d200000, 0x000000070d200000, 0x000000070d400000|  0%| F|  |TAMS 0x000000070d200000, 0x000000070d200000| Untracked 
|  93|0x000000070d400000, 0x000000070d400000, 0x000000070d600000|  0%| F|  |TAMS 0x000000070d400000, 0x000000070d400000| Untracked 
|  94|0x000000070d600000, 0x000000070d600000, 0x000000070d800000|  0%| F|  |TAMS 0x000000070d600000, 0x000000070d600000| Untracked 
|  95|0x000000070d800000, 0x000000070d800000, 0x000000070da00000|  0%| F|  |TAMS 0x000000070d800000, 0x000000070d800000| Untracked 
|  96|0x000000070da00000, 0x000000070da00000, 0x000000070dc00000|  0%| F|  |TAMS 0x000000070da00000, 0x000000070da00000| Untracked 
|  97|0x000000070dc00000, 0x000000070dc00000, 0x000000070de00000|  0%| F|  |TAMS 0x000000070dc00000, 0x000000070dc00000| Untracked 
|  98|0x000000070de00000, 0x000000070de00000, 0x000000070e000000|  0%| F|  |TAMS 0x000000070de00000, 0x000000070de00000| Untracked 
|  99|0x000000070e000000, 0x000000070e000000, 0x000000070e200000|  0%| F|  |TAMS 0x000000070e000000, 0x000000070e000000| Untracked 
| 100|0x000000070e200000, 0x000000070e200000, 0x000000070e400000|  0%| F|  |TAMS 0x000000070e200000, 0x000000070e200000| Untracked 
| 101|0x000000070e400000, 0x000000070e400000, 0x000000070e600000|  0%| F|  |TAMS 0x000000070e400000, 0x000000070e400000| Untracked 
| 102|0x000000070e600000, 0x000000070e600000, 0x000000070e800000|  0%| F|  |TAMS 0x000000070e600000, 0x000000070e600000| Untracked 
| 103|0x000000070e800000, 0x000000070e800000, 0x000000070ea00000|  0%| F|  |TAMS 0x000000070e800000, 0x000000070e800000| Untracked 
| 104|0x000000070ea00000, 0x000000070ea00000, 0x000000070ec00000|  0%| F|  |TAMS 0x000000070ea00000, 0x000000070ea00000| Untracked 
| 105|0x000000070ec00000, 0x000000070ec00000, 0x000000070ee00000|  0%| F|  |TAMS 0x000000070ec00000, 0x000000070ec00000| Untracked 
| 106|0x000000070ee00000, 0x000000070ee00000, 0x000000070f000000|  0%| F|  |TAMS 0x000000070ee00000, 0x000000070ee00000| Untracked 
| 107|0x000000070f000000, 0x000000070f000000, 0x000000070f200000|  0%| F|  |TAMS 0x000000070f000000, 0x000000070f000000| Untracked 
| 108|0x000000070f200000, 0x000000070f200000, 0x000000070f400000|  0%| F|  |TAMS 0x000000070f200000, 0x000000070f200000| Untracked 
| 109|0x000000070f400000, 0x000000070f400000, 0x000000070f600000|  0%| F|  |TAMS 0x000000070f400000, 0x000000070f400000| Untracked 
| 110|0x000000070f600000, 0x000000070f600000, 0x000000070f800000|  0%| F|  |TAMS 0x000000070f600000, 0x000000070f600000| Untracked 
| 111|0x000000070f800000, 0x000000070f800000, 0x000000070fa00000|  0%| F|  |TAMS 0x000000070f800000, 0x000000070f800000| Untracked 
| 112|0x000000070fa00000, 0x000000070fa00000, 0x000000070fc00000|  0%| F|  |TAMS 0x000000070fa00000, 0x000000070fa00000| Untracked 
| 113|0x000000070fc00000, 0x000000070fc00000, 0x000000070fe00000|  0%| F|  |TAMS 0x000000070fc00000, 0x000000070fc00000| Untracked 
| 114|0x000000070fe00000, 0x000000070fe00000, 0x0000000710000000|  0%| F|  |TAMS 0x000000070fe00000, 0x000000070fe00000| Untracked 
| 115|0x0000000710000000, 0x0000000710000000, 0x0000000710200000|  0%| F|  |TAMS 0x0000000710000000, 0x0000000710000000| Untracked 
| 116|0x0000000710200000, 0x0000000710200000, 0x0000000710400000|  0%| F|  |TAMS 0x0000000710200000, 0x0000000710200000| Untracked 
| 117|0x0000000710400000, 0x0000000710400000, 0x0000000710600000|  0%| F|  |TAMS 0x0000000710400000, 0x0000000710400000| Untracked 
| 118|0x0000000710600000, 0x0000000710600000, 0x0000000710800000|  0%| F|  |TAMS 0x0000000710600000, 0x0000000710600000| Untracked 
| 119|0x0000000710800000, 0x0000000710800000, 0x0000000710a00000|  0%| F|  |TAMS 0x0000000710800000, 0x0000000710800000| Untracked 
| 120|0x0000000710a00000, 0x0000000710a00000, 0x0000000710c00000|  0%| F|  |TAMS 0x0000000710a00000, 0x0000000710a00000| Untracked 
| 121|0x0000000710c00000, 0x0000000710c00000, 0x0000000710e00000|  0%| F|  |TAMS 0x0000000710c00000, 0x0000000710c00000| Untracked 
| 122|0x0000000710e00000, 0x0000000710e00000, 0x0000000711000000|  0%| F|  |TAMS 0x0000000710e00000, 0x0000000710e00000| Untracked 
| 123|0x0000000711000000, 0x0000000711150210, 0x0000000711200000| 65%| E|  |TAMS 0x0000000711000000, 0x0000000711000000| Complete 
| 124|0x0000000711200000, 0x0000000711400000, 0x0000000711400000|100%| E|CS|TAMS 0x0000000711200000, 0x0000000711200000| Complete 
| 125|0x0000000711400000, 0x0000000711600000, 0x0000000711600000|100%| E|CS|TAMS 0x0000000711400000, 0x0000000711400000| Complete 
| 126|0x0000000711600000, 0x0000000711800000, 0x0000000711800000|100%| E|CS|TAMS 0x0000000711600000, 0x0000000711600000| Complete 
| 127|0x0000000711800000, 0x0000000711a00000, 0x0000000711a00000|100%| E|CS|TAMS 0x0000000711800000, 0x0000000711800000| Complete 

Card table byte_map: [0x000001fefe400000,0x000001fefec00000] _byte_map_base: 0x000001fefabf3000

Marking Bits (Prev, Next): (CMBitMap*) 0x000001feeb1ee910, (CMBitMap*) 0x000001feeb1ee950
 Prev Bits: [0x000001fe80000000, 0x000001fe83f98000)
 Next Bits: [0x000001fe83fa0000, 0x000001fe87f38000)

Polling page: 0x000001fee9130000

Metaspace:

Usage:
  Non-class:      8.96 MB used.
      Class:    759.18 KB used.
       Both:      9.71 MB used.

Virtual space:
  Non-class space:       16.00 MB reserved,       9.06 MB ( 57%) committed,  2 nodes.
      Class space:        1.00 GB reserved,     832.00 KB ( <1%) committed,  1 nodes.
             Both:        1.02 GB reserved,       9.88 MB ( <1%) committed. 

Chunk freelists:
   Non-Class:  2.08 MB
       Class:  3.12 MB
        Both:  5.20 MB

MaxMetaspaceSize: unlimited
CompressedClassSpaceSize: 1.00 GB
Initial GC threshold: 21.00 MB
Current GC threshold: 21.00 MB
CDS: off
MetaspaceReclaimPolicy: balanced
 - commit_granule_bytes: 65536.
 - commit_granule_words: 8192.
 - virtual_space_node_default_size: 1048576.
 - enlarge_chunks_in_place: 1.
 - new_chunks_are_fully_committed: 0.
 - uncommit_free_chunks: 1.
 - use_allocation_guard: 0.
 - handle_deallocations: 1.


Internal statistics:

num_allocs_failed_limit: 0.
num_arena_births: 76.
num_arena_deaths: 0.
num_vsnodes_births: 3.
num_vsnodes_deaths: 0.
num_space_committed: 156.
num_space_uncommitted: 0.
num_chunks_returned_to_freelist: 0.
num_chunks_taken_from_freelist: 186.
num_chunk_merges: 0.
num_chunk_splits: 118.
num_chunks_enlarged: 80.
num_purges: 0.
num_inconsistent_stats: 0.

CodeHeap 'non-profiled nmethods': size=120000Kb used=181Kb max_used=181Kb free=119819Kb
 bounds [0x000001fef63a0000, 0x000001fef6610000, 0x000001fefd8d0000]
CodeHeap 'profiled nmethods': size=120000Kb used=905Kb max_used=905Kb free=119095Kb
 bounds [0x000001feeee70000, 0x000001feef0e0000, 0x000001fef63a0000]
CodeHeap 'non-nmethods': size=5760Kb used=1558Kb max_used=1572Kb free=4201Kb
 bounds [0x000001feee8d0000, 0x000001feeeb40000, 0x000001feeee70000]
 total_blobs=1579 nmethods=602 adapters=890
 compilation: enabled
              stopped_count=0, restarted_count=0
 full_count=0

Compilation events (20 events):
Event: 0.515 Thread 0x000001fe8a8a2db0  593       3       java.util.HashSet::contains (9 bytes)
Event: 0.516 Thread 0x000001fe8a8a1ff0  594       4       org.lwjgl.system.MemoryUtil::encodeASCIIUnsafe (53 bytes)
Event: 0.516 Thread 0x000001fe8a8a2db0 nmethod 593 0x000001feeef4d110 code [0x000001feeef4d2c0, 0x000001feeef4d548]
Event: 0.518 Thread 0x000001fe8a8a1ff0 nmethod 594 0x000001fef63cc590 code [0x000001fef63cc720, 0x000001fef63cc908]
Event: 0.530 Thread 0x000001fe8a8a2db0  595       1       org.lwjgl.system.CustomBuffer::limit (5 bytes)
Event: 0.530 Thread 0x000001fe8a8a2db0 nmethod 595 0x000001fef63ccb10 code [0x000001fef63ccca0, 0x000001fef63ccd78]
Event: 0.530 Thread 0x000001fe8a8a1ff0  596       4       org.lwjgl.PointerBuffer::get (22 bytes)
Event: 0.530 Thread 0x000001fe8a8a1ff0 nmethod 596 0x000001fef63cce10 code [0x000001fef63ccf80, 0x000001fef63cd058]
Event: 0.534 Thread 0x000001fe8a8a2db0  597       3       java.lang.ref.Cleaner::register (25 bytes)
Event: 0.534 Thread 0x000001fe8a8a2db0 nmethod 597 0x000001feeef4d610 code [0x000001feeef4d800, 0x000001feeef4dd68]
Event: 0.534 Thread 0x000001fe8a8a2db0  598       3       jdk.internal.ref.CleanerImpl$PhantomCleanableRef::<init> (12 bytes)
Event: 0.534 Thread 0x000001fe8a8a2db0 nmethod 598 0x000001feeef4df90 code [0x000001feeef4e140, 0x000001feeef4e2e8]
Event: 0.538 Thread 0x000001fe8a8a1ff0  599       4       java.util.concurrent.ConcurrentHashMap::casTabAt (21 bytes)
Event: 0.538 Thread 0x000001fe8a8a2db0  600       3       java.lang.StringConcatHelper::initialCoder (14 bytes)
Event: 0.538 Thread 0x000001fe8a8a2db0 nmethod 600 0x000001feeef4e390 code [0x000001feeef4e520, 0x000001feeef4e638]
Event: 0.538 Thread 0x000001fe8a8a2db0  601       3       java.lang.String::concat (15 bytes)
Event: 0.539 Thread 0x000001fe8a8a1ff0 nmethod 599 0x000001fef63cd110 code [0x000001fef63cd280, 0x000001fef63cd3b8]
Event: 0.539 Thread 0x000001fe8a8a2db0 nmethod 601 0x000001feeef4e690 code [0x000001feeef4e9c0, 0x000001feeef4fe58]
Event: 0.539 Thread 0x000001fe8a8a2db0  602       3       java.lang.StringConcatHelper::simpleConcat (94 bytes)
Event: 0.540 Thread 0x000001fe8a8a2db0 nmethod 602 0x000001feeef50590 code [0x000001feeef508c0, 0x000001feeef51cf8]

GC Heap History (0 events):
No events

Deoptimization events (12 events):
Event: 0.213 Thread 0x000001feeb181e00 DEOPT PACKING pc=0x000001feeee86067 sp=0x00000015dfafb1f0
Event: 0.213 Thread 0x000001feeb181e00 DEOPT UNPACKING pc=0x000001feee922b43 sp=0x00000015dfafa610 mode 0
Event: 0.226 Thread 0x000001feeb181e00 DEOPT PACKING pc=0x000001feeee768d1 sp=0x00000015dfafb7d0
Event: 0.226 Thread 0x000001feeb181e00 DEOPT UNPACKING pc=0x000001feee922b43 sp=0x00000015dfafac48 mode 0
Event: 0.241 Thread 0x000001feeb181e00 Uncommon trap: trap_request=0xffffff45 fr.pc=0x000001fef63a6664 relative=0x0000000000000064
Event: 0.241 Thread 0x000001feeb181e00 Uncommon trap: reason=unstable_if action=reinterpret pc=0x000001fef63a6664 method=java.io.WinNTFileSystem.isSlash(C)Z @ 9 c2
Event: 0.241 Thread 0x000001feeb181e00 DEOPT PACKING pc=0x000001fef63a6664 sp=0x00000015dfafbcb0
Event: 0.241 Thread 0x000001feeb181e00 DEOPT UNPACKING pc=0x000001feee9223a3 sp=0x00000015dfafbc38 mode 2
Event: 0.488 Thread 0x000001feeb181e00 Uncommon trap: trap_request=0xffffff54 fr.pc=0x000001fef63c9260 relative=0x0000000000000060
Event: 0.488 Thread 0x000001feeb181e00 Uncommon trap: reason=speculate_null_assert action=make_not_entrant pc=0x000001fef63c9260 method=sun.misc.Unsafe.putLong(Ljava/lang/Object;JJ)V @ 7 c2
Event: 0.488 Thread 0x000001feeb181e00 DEOPT PACKING pc=0x000001fef63c9260 sp=0x00000015dfaff300
Event: 0.488 Thread 0x000001feeb181e00 DEOPT UNPACKING pc=0x000001feee9223a3 sp=0x00000015dfaff278 mode 2

Classes unloaded (0 events):
No events

Classes redefined (0 events):
No events

Internal exceptions (20 events):
Event: 0.207 Thread 0x000001feeb181e00 Exception <a 'java/lang/NoSuchMethodError'{0x00000007114225d0}: 'java.lang.Object java.lang.invoke.DirectMethodHandle$Holder.invokeStatic(java.lang.Object, java.lang.Object, int)'> (0x00000007114225d0) 
thrown [s\src\hotspot\share\interpreter\linkResolver.cpp, line 771]
Event: 0.208 Thread 0x000001feeb181e00 Exception <a 'java/lang/NoSuchMethodError'{0x000000071142e340}: 'void java.lang.invoke.DelegatingMethodHandle$Holder.delegate(java.lang.Object, java.lang.Object, int, java.lang.Object)'> (0x000000071142e340) 
thrown [s\src\hotspot\share\interpreter\linkResolver.cpp, line 771]
Event: 0.208 Thread 0x000001feeb181e00 Exception <a 'java/lang/NoSuchMethodError'{0x0000000711432580}: 'int java.lang.invoke.DirectMethodHandle$Holder.invokeSpecial(java.lang.Object, java.lang.Object, java.lang.Object)'> (0x0000000711432580) 
thrown [s\src\hotspot\share\interpreter\linkResolver.cpp, line 771]
Event: 0.247 Thread 0x000001feeb181e00 Exception <a 'sun/nio/fs/WindowsException'{0x00000007114debc0}> (0x00000007114debc0) 
thrown [s\src\hotspot\share\prims\jni.cpp, line 517]
Event: 0.248 Thread 0x000001feeb181e00 Exception <a 'sun/nio/fs/WindowsException'{0x00000007114df108}> (0x00000007114df108) 
thrown [s\src\hotspot\share\prims\jni.cpp, line 517]
Event: 0.260 Thread 0x000001feeb181e00 Exception <a 'java/lang/NoSuchMethodError'{0x00000007115238b0}: 'int java.lang.invoke.DirectMethodHandle$Holder.invokeStaticInit(java.lang.Object, java.lang.Object, int, long)'> (0x00000007115238b0) 
thrown [s\src\hotspot\share\interpreter\linkResolver.cpp, line 771]
Event: 0.260 Thread 0x000001feeb181e00 Exception <a 'java/lang/NoSuchMethodError'{0x0000000711529178}: 'java.lang.Object java.lang.invoke.DirectMethodHandle$Holder.newInvokeSpecial(java.lang.Object, java.lang.Object, int)'> (0x0000000711529178) 
thrown [s\src\hotspot\share\interpreter\linkResolver.cpp, line 771]
Event: 0.262 Thread 0x000001feeb181e00 Exception <a 'java/lang/NoSuchMethodError'{0x000000071153a2c0}: 'int java.lang.invoke.DirectMethodHandle$Holder.invokeStaticInit(java.lang.Object, java.lang.Object, long, long)'> (0x000000071153a2c0) 
thrown [s\src\hotspot\share\interpreter\linkResolver.cpp, line 771]
Event: 0.263 Thread 0x000001feeb181e00 Exception <a 'java/lang/NoSuchMethodError'{0x00000007115403d0}: 'java.lang.Object java.lang.invoke.DirectMethodHandle$Holder.newInvokeSpecial(java.lang.Object, java.lang.Object, long)'> (0x00000007115403d0) 
thrown [s\src\hotspot\share\interpreter\linkResolver.cpp, line 771]
Event: 0.263 Thread 0x000001feeb181e00 Exception <a 'java/lang/NoSuchMethodError'{0x0000000711544418}: 'java.lang.Object java.lang.invoke.Invokers$Holder.linkToTargetMethod(java.lang.Object, long, java.lang.Object)'> (0x0000000711544418) 
thrown [s\src\hotspot\share\interpreter\linkResolver.cpp, line 771]
Event: 0.264 Thread 0x000001feeb181e00 Exception <a 'java/lang/NoSuchMethodError'{0x000000071154bb30}: 'int java.lang.invoke.DirectMethodHandle$Holder.invokeStaticInit(java.lang.Object, java.lang.Object, java.lang.Object, long)'> (0x000000071154bb30) 
thrown [s\src\hotspot\share\interpreter\linkResolver.cpp, line 771]
Event: 0.285 Thread 0x000001feeb181e00 Exception <a 'sun/nio/fs/WindowsException'{0x0000000711224150}> (0x0000000711224150) 
thrown [s\src\hotspot\share\prims\jni.cpp, line 517]
Event: 0.285 Thread 0x000001feeb181e00 Exception <a 'sun/nio/fs/WindowsException'{0x00000007112244b0}> (0x00000007112244b0) 
thrown [s\src\hotspot\share\prims\jni.cpp, line 517]
Event: 0.405 Thread 0x000001feeb181e00 Exception <a 'java/lang/NoSuchMethodError'{0x00000007112870d8}: 'void java.lang.invoke.DirectMethodHandle$Holder.invokeStaticInit(java.lang.Object, long, int, int, int, int)'> (0x00000007112870d8) 
thrown [s\src\hotspot\share\interpreter\linkResolver.cpp, line 771]
Event: 0.408 Thread 0x000001feeb181e00 Exception <a 'java/lang/NoSuchMethodError'{0x00000007112992e0}: 'void java.lang.invoke.DirectMethodHandle$Holder.invokeStaticInit(java.lang.Object, long, double, double)'> (0x00000007112992e0) 
thrown [s\src\hotspot\share\interpreter\linkResolver.cpp, line 771]
Event: 0.411 Thread 0x000001feeb181e00 Exception <a 'java/lang/NoSuchMethodError'{0x00000007112a9e60}: 'void java.lang.invoke.DirectMethodHandle$Holder.invokeStaticInit(java.lang.Object, long, int, int, int)'> (0x00000007112a9e60) 
thrown [s\src\hotspot\share\interpreter\linkResolver.cpp, line 771]
Event: 0.483 Thread 0x000001feeb181e00 Exception <a 'sun/nio/fs/WindowsException'{0x00000007113af8f8}> (0x00000007113af8f8) 
thrown [s\src\hotspot\share\prims\jni.cpp, line 517]
Event: 0.483 Thread 0x000001feeb181e00 Exception <a 'sun/nio/fs/WindowsException'{0x00000007113afc88}> (0x00000007113afc88) 
thrown [s\src\hotspot\share\prims\jni.cpp, line 517]
Event: 0.486 Thread 0x000001feeb181e00 Exception <a 'sun/nio/fs/WindowsException'{0x00000007113b8cb8}> (0x00000007113b8cb8) 
thrown [s\src\hotspot\share\prims\jni.cpp, line 517]
Event: 0.486 Thread 0x000001feeb181e00 Exception <a 'sun/nio/fs/WindowsException'{0x00000007113b8f88}> (0x00000007113b8f88) 
thrown [s\src\hotspot\share\prims\jni.cpp, line 517]

VM Operations (4 events):
Event: 0.131 Executing VM operation: HandshakeAllThreads
Event: 0.131 Executing VM operation: HandshakeAllThreads done
Event: 0.241 Executing VM operation: HandshakeAllThreads
Event: 0.241 Executing VM operation: HandshakeAllThreads done

Events (20 events):
Event: 0.473 loading class java/lang/invoke/VarHandles$1 done
Event: 0.473 loading class java/lang/invoke/VarHandleReferences$FieldInstanceReadWrite
Event: 0.473 loading class java/lang/invoke/VarHandleReferences$FieldInstanceReadOnly
Event: 0.473 loading class java/lang/invoke/VarHandleReferences$FieldInstanceReadOnly done
Event: 0.473 loading class java/lang/invoke/VarHandleReferences$FieldInstanceReadWrite done
Event: 0.474 loading class java/lang/invoke/VarHandle$1
Event: 0.474 loading class java/lang/invoke/VarHandle$1 done
Event: 0.474 loading class jdk/internal/util/Preconditions$1
Event: 0.474 loading class java/util/function/BiFunction
Event: 0.474 loading class java/util/function/BiFunction done
Event: 0.474 loading class jdk/internal/util/Preconditions$1 done
Event: 0.474 loading class java/lang/invoke/VarHandleGuards
Event: 0.474 loading class java/lang/invoke/VarHandleGuards done
Event: 0.474 loading class java/lang/invoke/VarForm
Event: 0.474 loading class java/lang/invoke/VarForm done
Event: 0.484 Loaded shared library C:\Users\test\AppData\Local\Temp\lwjgltest\3.3.1-build-7\lwjgl_opengl.dll
Event: 0.507 loading class java/util/function/IntFunction
Event: 0.507 loading class java/util/function/IntFunction done
Event: 0.537 loading class java/lang/AssertionError
Event: 0.537 loading class java/lang/AssertionError done


Dynamic libraries:
0x00007ff719b00000 - 0x00007ff719b0a000 	C:\Users\test\AppData\Local\JetBrains\IntelliJ IDEA Community Edition 2022.2.2\jbr\bin\java.exe
0x00007ff846c50000 - 0x00007ff846e64000 	C:\WINDOWS\SYSTEM32\ntdll.dll
0x00007ff845150000 - 0x00007ff845212000 	C:\WINDOWS\System32\KERNEL32.DLL
0x00007ff844080000 - 0x00007ff84441d000 	C:\WINDOWS\System32\KERNELBASE.dll
0x00007ff835680000 - 0x00007ff835697000 	C:\Users\test\AppData\Local\JetBrains\IntelliJ IDEA Community Edition 2022.2.2\jbr\bin\jli.dll
0x00007ff844540000 - 0x00007ff844651000 	C:\WINDOWS\System32\ucrtbase.dll
0x00007ff835720000 - 0x00007ff83573b000 	C:\Users\test\AppData\Local\JetBrains\IntelliJ IDEA Community Edition 2022.2.2\jbr\bin\VCRUNTIME140.dll
0x00007ff8277e0000 - 0x00007ff827a6e000 	C:\WINDOWS\WinSxS\amd64_microsoft.windows.common-controls_6595b64144ccf1df_6.0.22621.608_none_a9444ca7c10bb01d\COMCTL32.dll
0x00007ff846170000 - 0x00007ff84631a000 	C:\WINDOWS\System32\USER32.dll
0x00007ff846060000 - 0x00007ff846107000 	C:\WINDOWS\System32\msvcrt.dll
0x00007ff844660000 - 0x00007ff844686000 	C:\WINDOWS\System32\win32u.dll
0x00007ff845b90000 - 0x00007ff845bb9000 	C:\WINDOWS\System32\GDI32.dll
0x00007ff844420000 - 0x00007ff844532000 	C:\WINDOWS\System32\gdi32full.dll
0x00007ff844690000 - 0x00007ff84472a000 	C:\WINDOWS\System32\msvcp_win.dll
0x00007ff8456b0000 - 0x00007ff8456e2000 	C:\WINDOWS\System32\IMM32.DLL
0x00007ff8413f0000 - 0x00007ff8413fc000 	C:\Users\test\AppData\Local\JetBrains\IntelliJ IDEA Community Edition 2022.2.2\jbr\bin\vcruntime140_1.dll
0x00007fffe9630000 - 0x00007fffe96bd000 	C:\Users\test\AppData\Local\JetBrains\IntelliJ IDEA Community Edition 2022.2.2\jbr\bin\msvcp140.dll
0x00007ff80f830000 - 0x00007ff810499000 	C:\Users\test\AppData\Local\JetBrains\IntelliJ IDEA Community Edition 2022.2.2\jbr\bin\server\jvm.dll
0x00007ff8457a0000 - 0x00007ff84584e000 	C:\WINDOWS\System32\ADVAPI32.dll
0x00007ff8456f0000 - 0x00007ff845794000 	C:\WINDOWS\System32\sechost.dll
0x00007ff844ae0000 - 0x00007ff844bf5000 	C:\WINDOWS\System32\RPCRT4.dll
0x00007ff846050000 - 0x00007ff846058000 	C:\WINDOWS\System32\PSAPI.DLL
0x00007ff83cfc0000 - 0x00007ff83cff4000 	C:\WINDOWS\SYSTEM32\WINMM.dll
0x00007ff834670000 - 0x00007ff834679000 	C:\WINDOWS\SYSTEM32\WSOCK32.dll
0x00007ff83c010000 - 0x00007ff83c01a000 	C:\WINDOWS\SYSTEM32\VERSION.dll
0x00007ff845220000 - 0x00007ff845291000 	C:\WINDOWS\System32\WS2_32.dll
0x00007ff8430f0000 - 0x00007ff843108000 	C:\WINDOWS\SYSTEM32\kernel.appcore.dll
0x00007ff831d80000 - 0x00007ff831d8a000 	C:\Users\test\AppData\Local\JetBrains\IntelliJ IDEA Community Edition 2022.2.2\jbr\bin\jimage.dll
0x00007ff8337b0000 - 0x00007ff8339de000 	C:\WINDOWS\SYSTEM32\DBGHELP.DLL
0x00007ff845320000 - 0x00007ff8456aa000 	C:\WINDOWS\System32\combase.dll
0x00007ff846340000 - 0x00007ff846417000 	C:\WINDOWS\System32\OLEAUT32.dll
0x00007ff824eb0000 - 0x00007ff824ee2000 	C:\WINDOWS\SYSTEM32\dbgcore.DLL
0x00007ff8447f0000 - 0x00007ff84486b000 	C:\WINDOWS\System32\bcryptPrimitives.dll
0x00007ff82d890000 - 0x00007ff82d8b5000 	C:\Users\test\AppData\Local\JetBrains\IntelliJ IDEA Community Edition 2022.2.2\jbr\bin\java.dll
0x00007ff826f10000 - 0x00007ff826f28000 	C:\Users\test\AppData\Local\JetBrains\IntelliJ IDEA Community Edition 2022.2.2\jbr\bin\zip.dll
0x00007ff846420000 - 0x00007ff846c00000 	C:\WINDOWS\System32\SHELL32.dll
0x00007ff8420c0000 - 0x00007ff842985000 	C:\WINDOWS\SYSTEM32\windows.storage.dll
0x00007ff841f80000 - 0x00007ff8420be000 	C:\WINDOWS\SYSTEM32\wintypes.dll
0x00007ff845050000 - 0x00007ff845141000 	C:\WINDOWS\System32\SHCORE.dll
0x00007ff846110000 - 0x00007ff84616e000 	C:\WINDOWS\System32\shlwapi.dll
0x00007ff843fb0000 - 0x00007ff843fd1000 	C:\WINDOWS\SYSTEM32\profapi.dll
0x00007ff8262f0000 - 0x00007ff826309000 	C:\Users\test\AppData\Local\JetBrains\IntelliJ IDEA Community Edition 2022.2.2\jbr\bin\net.dll
0x00007ff83ce90000 - 0x00007ff83cfbf000 	C:\WINDOWS\SYSTEM32\WINHTTP.dll
0x00007ff843550000 - 0x00007ff8435b9000 	C:\WINDOWS\system32\mswsock.dll
0x00007ff8251d0000 - 0x00007ff8251e6000 	C:\Users\test\AppData\Local\JetBrains\IntelliJ IDEA Community Edition 2022.2.2\jbr\bin\nio.dll
0x00007fffe95b0000 - 0x00007fffe9625000 	C:\Users\test\AppData\Local\Temp\lwjgltest\3.3.1-build-7\lwjgl.dll
0x00007ff80c450000 - 0x00007ff80c4b1000 	C:\Users\test\AppData\Local\Temp\lwjgltest\3.3.1-build-7\glfw.dll
0x00007fffe99f0000 - 0x00007fffe9a36000 	C:\WINDOWS\SYSTEM32\dinput8.dll
0x00007ff830110000 - 0x00007ff830121000 	C:\WINDOWS\SYSTEM32\xinput1_4.dll
0x00007ff843d30000 - 0x00007ff843d63000 	C:\WINDOWS\SYSTEM32\DEVOBJ.dll
0x00007ff843d70000 - 0x00007ff843dbe000 	C:\WINDOWS\SYSTEM32\cfgmgr32.dll
0x00007ff841920000 - 0x00007ff84194b000 	C:\WINDOWS\SYSTEM32\dwmapi.dll
0x00007ff832f60000 - 0x00007ff833161000 	C:\WINDOWS\SYSTEM32\inputhost.dll
0x00007ff841100000 - 0x00007ff841233000 	C:\WINDOWS\SYSTEM32\CoreMessaging.dll
0x00007ff841670000 - 0x00007ff84171b000 	C:\WINDOWS\system32\uxtheme.dll
0x00007ff844ec0000 - 0x00007ff844fde000 	C:\WINDOWS\System32\MSCTF.dll
0x00007ff843800000 - 0x00007ff84380c000 	C:\WINDOWS\SYSTEM32\CRYPTBASE.DLL
0x00007ff80b720000 - 0x00007ff80b820000 	C:\WINDOWS\SYSTEM32\opengl32.dll
0x00007ff80b6f0000 - 0x00007ff80b71d000 	C:\WINDOWS\SYSTEM32\GLU32.dll
0x00007ff8417b0000 - 0x00007ff8417e6000 	C:\WINDOWS\SYSTEM32\dxcore.dll
0x00007ff844c00000 - 0x00007ff844cb7000 	C:\WINDOWS\System32\clbcatq.dll
0x00007ff80a3b0000 - 0x00007ff80a3dd000 	C:\WINDOWS\System32\DriverStore\FileRepository\u0384125.inf_amd64_7509a20b0a165522\B384149\atig6pxx.dll
0x00007ff802f80000 - 0x00007ff806926000 	C:\WINDOWS\System32\DriverStore\FileRepository\u0384125.inf_amd64_7509a20b0a165522\B384149\atio6axx.dll
0x00007ff845bc0000 - 0x00007ff84603a000 	C:\WINDOWS\System32\SETUPAPI.dll
0x00007ff8449e0000 - 0x00007ff844a49000 	C:\WINDOWS\System32\WINTRUST.dll
0x00007ff844870000 - 0x00007ff8449d6000 	C:\WINDOWS\System32\CRYPT32.dll
0x00007ff843860000 - 0x00007ff843872000 	C:\WINDOWS\SYSTEM32\MSASN1.dll
0x00007ff8439f0000 - 0x00007ff843a18000 	C:\WINDOWS\SYSTEM32\BCrypt.dll
0x00007ff833e80000 - 0x00007ff833fad000 	C:\WINDOWS\SYSTEM32\textinputframework.dll
0x00007ff83d380000 - 0x00007ff83d6ec000 	C:\WINDOWS\SYSTEM32\CoreUIComponents.dll
0x00007ff831b80000 - 0x00007ff831b90000 	C:\Users\test\AppData\Local\JetBrains\IntelliJ IDEA Community Edition 2022.2.2\jbr\bin\verify.dll
0x00007fffe8d80000 - 0x00007fffe8ddd000 	C:\Users\test\AppData\Local\Temp\lwjgltest\3.3.1-build-7\lwjgl_opengl.dll

dbghelp: loaded successfully - version: 4.0.5 - missing functions: none
symbol engine: initialized successfully - sym options: 0x614 - pdb path: .;C:\Users\test\AppData\Local\JetBrains\IntelliJ IDEA Community Edition 2022.2.2\jbr\bin;C:\WINDOWS\SYSTEM32;C:\WINDOWS\WinSxS\amd64_microsoft.windows.common-controls_6595b64144ccf1df_6.0.22621.608_none_a9444ca7c10bb01d;C:\Users\test\AppData\Local\JetBrains\IntelliJ IDEA Community Edition 2022.2.2\jbr\bin\server;C:\Users\test\AppData\Local\Temp\lwjgltest\3.3.1-build-7;C:\WINDOWS\System32\DriverStore\FileRepository\u0384125.inf_amd64_7509a20b0a165522\B384149

VM Arguments:
jvm_args: -Dfile.encoding=windows-1254 -Duser.country=US -Duser.language=en -Duser.variant 
java_command: me.raven.Main
java_class_path (initial): C:\Users\test\Documents\dev\Chess\ChessForYou\build\classes\java\main;C:\Users\test\Documents\dev\Chess\ChessForYou\build\resources\main;C:\Users\test\.gradle\caches\modules-2\files-2.1\org.lwjgl\lwjgl-assimp\3.3.1\312072f451794f25670aebb0160ce6ec88aff842\lwjgl-assimp-3.3.1.jar;C:\Users\test\.gradle\caches\modules-2\files-2.1\org.lwjgl\lwjgl-assimp\3.3.1\bfa2a0d57acbf952b716d0ad8a3acbd7ad9f5639\lwjgl-assimp-3.3.1-natives-windows.jar;C:\Users\test\.gradle\caches\modules-2\files-2.1\org.lwjgl\lwjgl-bgfx\3.3.1\4243b7d255d885980f10c36edfb678729493685e\lwjgl-bgfx-3.3.1.jar;C:\Users\test\.gradle\caches\modules-2\files-2.1\org.lwjgl\lwjgl-bgfx\3.3.1\12f22e13c99db9153124dbc17b84fe0233c6f3d5\lwjgl-bgfx-3.3.1-natives-windows.jar;C:\Users\test\.gradle\caches\modules-2\files-2.1\org.lwjgl\lwjgl-glfw\3.3.1\cbac1b8d30cb4795149c1ef540f912671a8616d0\lwjgl-glfw-3.3.1.jar;C:\Users\test\.gradle\caches\modules-2\files-2.1\org.lwjgl\lwjgl-glfw\3.3.1\ed892f945cf7e79c8756796f32d00fa4ceaf573b\lwjgl-glfw-3.3.1-natives-windows.jar;C:\Users\test\.gradle\caches\modules-2\files-2.1\org.lwjgl\lwjgl-nanovg\3.3.1\2f3b4d8f9b8de598517f105ce7e68560f25f11c6\lwjgl-nanovg-3.3.1.jar;C:\Users\test\.gradle\caches\modules-2\files-2.1\org.lwjgl\lwjgl-nanovg\3.3.1\1da0ba083ec772b85b3ea49ba4a3750bf8c7f4e1\lwjgl-nanovg-3.3.1-natives-windows.jar;C:\Users\test\.gradle\caches\modules-2\files-2.1\org.lwjgl\lwjgl-nuklear\3.3.1\628ccf80db3d623f1f559978e4246a23b2d1eeb1\lwjgl-nuklear-3.3.1.jar;C:\Users\test\.gradle\caches\modules-2\files-2.1\org.lwjgl\lwjgl-nuklear\3.3.1\755c93226fa44597741e37c6649e86cefa46b262\lwjgl-nuklear-3.3.1-natives-windows.jar;C:\Users\test\.gradle\caches\modules-2\files-2.1\org.lwjgl\lwjgl-openal\3.3.1\2623a6b8ae1dfcd880738656a9f0243d2e6840bd\lwjgl-openal-3.3.1.jar;C:\Users\test\.gradle\caches\modules-2\files-2.1\org.lwjgl\lwjgl-openal\3.3.1\30a474d0e57193d7bc128849a3ab66bc9316fdb1\lwjgl-openal-3.3.1-natives-windows.jar;C:\Users\test\.gradle\caches\modules-2\files-2
Launcher Type: SUN_STANDARD

[Global flags]
     intx CICompilerCount                          = 4                                         {product} {ergonomic}
     uint ConcGCThreads                            = 2                                         {product} {ergonomic}
     uint G1ConcRefinementThreads                  = 8                                         {product} {ergonomic}
   size_t G1HeapRegionSize                         = 2097152                                   {product} {ergonomic}
    uintx GCDrainStackTargetSize                   = 64                                        {product} {ergonomic}
   size_t InitialHeapSize                          = 268435456                                 {product} {ergonomic}
   size_t MarkStackSize                            = 4194304                                   {product} {ergonomic}
   size_t MaxHeapSize                              = 4267704320                                {product} {ergonomic}
   size_t MaxNewSize                               = 2560622592                                {product} {ergonomic}
   size_t MinHeapDeltaBytes                        = 2097152                                   {product} {ergonomic}
   size_t MinHeapSize                              = 8388608                                   {product} {ergonomic}
    uintx NonNMethodCodeHeapSize                   = 5839372                                {pd product} {ergonomic}
    uintx NonProfiledCodeHeapSize                  = 122909434                              {pd product} {ergonomic}
    uintx ProfiledCodeHeapSize                     = 122909434                              {pd product} {ergonomic}
    uintx ReservedCodeCacheSize                    = 251658240                              {pd product} {ergonomic}
     bool SegmentedCodeCache                       = true                                      {product} {ergonomic}
   size_t SoftMaxHeapSize                          = 4267704320                             {manageable} {ergonomic}
     bool UseCompressedClassPointers               = true                           {product lp64_product} {ergonomic}
     bool UseCompressedOops                        = true                           {product lp64_product} {ergonomic}
     bool UseG1GC                                  = true                                      {product} {ergonomic}
     bool UseLargePagesIndividualAllocation        = false                                  {pd product} {ergonomic}

Logging:
Log output configuration:
 #0: stdout all=warning uptime,level,tags
 #1: stderr all=off uptime,level,tags

Environment Variables:
JAVA_HOME=C:\Program Files\Java\jdk1.8.0_341
PATH=C:\Program Files (x86)\NVIDIA Corporation\PhysX\Common;C:\WINDOWS\system32;C:\WINDOWS;C:\WINDOWS\System32\Wbem;C:\WINDOWS\System32\WindowsPowerShell\v1.0\;C:\WINDOWS\System32\OpenSSH\;C:\Program Files\Git\cmd;C:\Program Files\Java\jdk1.8.0_341\bin;C:\Program Files (x86)\dotnet\;C:\Users\test\.cargo\bin;C:\Users\test\AppData\Local\Microsoft\WindowsApps;C:\Users\test\AppData\Local\GitHubDesktop\bin;C:\Users\test\AppData\Local\JetBrains\Toolbox\scripts;C:\Program Files\CMake\bin
USERNAME=test
OS=Windows_NT
PROCESSOR_IDENTIFIER=AMD64 Family 23 Model 96 Stepping 1, AuthenticAMD
TMP=C:\Users\test\AppData\Local\Temp
TEMP=C:\Users\test\AppData\Local\Temp



---------------  S Y S T E M  ---------------

OS:
 Windows 11 , 64 bit Build 22621 (10.0.22621.755)
OS uptime: 9 days 4:54 hours

CPU: total 8 (initial active 8) (8 cores per cpu, 2 threads per core) family 23 model 96 stepping 1 microcode 0x0, cx8, cmov, fxsr, ht, mmx, 3dnowpref, sse, sse2, sse3, ssse3, sse4a, sse4.1, sse4.2, popcnt, lzcnt, tsc, tscinvbit, avx, avx2, aes, clmul, bmi1, bmi2, adx, sha, fma, vzeroupper, clflush, clflushopt

Memory: 4k page, system-wide physical 16277M (7008M free)
TotalPageFile size 26517M (AvailPageFile size 11032M)
current process WorkingSet (physical memory assigned to process): 112M, peak: 112M
current process commit charge ("private bytes"): 443M, peak: 444M

vm_info: OpenJDK 64-Bit Server VM (17.0.4+7-b469.53) for windows-amd64 JRE (17.0.4+7-b469.53), built on 2022-08-29 by "builduser" with MS VC++ 16.10 / 16.11 (VS2019)

END.
