#
# A fatal error has been detected by the Java Runtime Environment:
#
#  EXCEPTION_ACCESS_VIOLATION (0xc0000005) at pc=0x00007fffe8d8c64d, pid=12680, tid=15208
#
# JRE version: OpenJDK Runtime Environment JBR-17.0.4+7-469.53-jcef (17.0.4+7) (build 17.0.4+7-b469.53)
# Java VM: OpenJDK 64-Bit Server VM JBR-17.0.4+7-469.53-jcef (17.0.4+7-b469.53, mixed mode, tiered, compressed oops, compressed class ptrs, g1 gc, windows-amd64)
# Problematic frame:
# C  [lwjgl_opengl.dll+0xc64d]
#
# No core dump will be written. Minidumps are not enabled by default on client versions of Windows
#
# If you would like to submit a bug report, please visit:
#   https://youtrack.jetbrains.com/issues/JBR
# The crash happened outside the Java Virtual Machine in native code.
# See problematic frame for where to report the bug.
#

---------------  S U M M A R Y ------------

Command Line: -Dfile.encoding=windows-1254 -Duser.country=US -Duser.language=en -Duser.variant me.raven.Main

Host: AMD Ryzen 3 4100 4-Core Processor              , 8 cores, 15G,  Windows 11 , 64 bit Build 22621 (10.0.22621.755)
Time: Fri Dec  2 16:14:22 2022 Turkey Standard Time elapsed time: 0.621962 seconds (0d 0h 0m 0s)

---------------  T H R E A D  ---------------

Current thread (0x000001d66a134ca0):  JavaThread "main" [_thread_in_native, id=15208, stack(0x00000069abe00000,0x00000069abf00000)]

Stack: [0x00000069abe00000,0x00000069abf00000],  sp=0x00000069abeff328,  free space=1020k
Native frames: (J=compiled Java code, j=interpreted, Vv=VM code, C=native code)
C  [lwjgl_opengl.dll+0xc64d]

Java frames: (J=compiled Java code, j=interpreted, Vv=VM code)
j  org.lwjgl.opengl.GL11C.nglGenTextures(IJ)V+0
j  org.lwjgl.opengl.GL11C.glGenTextures()I+20
j  org.lwjgl.opengl.GL11.glGenTextures()I+0
j  me.raven.Engine.Utils.Texture.<init>(Ljava/lang/String;)V+10
j  me.raven.Sandbox.Game.BoardManager.<init>()V+118
j  me.raven.Sandbox.Managers.GameManager.<init>()V+53
j  me.raven.Main.main([Ljava/lang/String;)V+4
v  ~StubRoutines::call_stub

siginfo: EXCEPTION_ACCESS_VIOLATION (0xc0000005), reading address 0x00000000000002d8


Register to memory mapping:

RIP=0x00007fffe8d8c64d lwjgl_opengl.dll
RAX=0x000001d60a1a9010 points into unknown readable memory: 0x0000000000000000 | 00 00 00 00 00 00 00 00
RBX={method} {0x000001d6170833e8} 'nglGenTextures' '(IJ)V' in 'org/lwjgl/opengl/GL11C'
RCX=0x0000000000000001 is an unknown value
RDX=0x000001d60a16947c points into unknown readable memory: 00 00 00 00
RSP=0x00000069abeff328 is pointing into the stack for thread: 0x000001d66a134ca0
RBP=0x00000069abeff3b8 is pointing into the stack for thread: 0x000001d66a134ca0
RSI=0x000001d67f7e58e0 is pointing into metadata
RDI=0x0000000000000001 is an unknown value
R8 =0x0000000000000001 is an unknown value
R9 =0x000001d60a16947c points into unknown readable memory: 00 00 00 00
R10=0x0 is NULL
R11=0x000000071104d5a0 is an oop: java.lang.Class 
{0x000000071104d5a0} - klass: 'java/lang/Class'
 - ---- fields (total size 116 words):
 - private volatile transient 'classRedefinedCount' 'I' @12  0
 - private volatile transient 'cachedConstructor' 'Ljava/lang/reflect/Constructor;' @40  NULL (0)
 - private transient 'name' 'Ljava/lang/String;' @44  "org.lwjgl.opengl.GL11C"{0x000000071104d950} (e2209b2a)
 - private transient 'module' 'Ljava/lang/Module;' @48  a 'java/lang/Module'{0x000000071186eac0} (e230dd58)
 - private final 'classLoader' 'Ljava/lang/ClassLoader;' @52  a 'jdk/internal/loader/ClassLoaders$AppClassLoader'{0x000000071186e900} (e230dd20)
 - private transient 'classData' 'Ljava/lang/Object;' @56  NULL (0)
 - private transient 'packageName' 'Ljava/lang/String;' @60  "org.lwjgl.opengl"{0x00000007113a5cc0} (e2274b98)
 - private final 'componentType' 'Ljava/lang/Class;' @64  NULL (0)
 - private volatile transient 'reflectionData' 'Ljava/lang/ref/SoftReference;' @68  NULL (0)
 - private volatile transient 'genericInfo' 'Lsun/reflect/generics/repository/ClassRepository;' @72  NULL (0)
 - private volatile transient 'enumConstants' '[Ljava/lang/Object;' @76  NULL (0)
 - private volatile transient 'enumConstantDirectory' 'Ljava/util/Map;' @80  NULL (0)
 - private volatile transient 'annotationData' 'Ljava/lang/Class$AnnotationData;' @84  NULL (0)
 - private volatile transient 'annotationType' 'Lsun/reflect/annotation/AnnotationType;' @88  NULL (0)
 - transient 'classValueMap' 'Ljava/lang/ClassValue$ClassValueMap;' @92  NULL (0)
 - signature: Lorg/lwjgl/opengl/GL11C;
 - fake entry for mirror: 'org/lwjgl/opengl/GL11C'
 - fake entry for array: NULL
 - fake entry for oop_size: 116
 - fake entry for static_oop_field_count: 0
 - public static final 'GL_NEVER' 'I' @112  512 (200)
 - public static final 'GL_LESS' 'I' @116  513 (201)
 - public static final 'GL_EQUAL' 'I' @120  514 (202)
 - public static final 'GL_LEQUAL' 'I' @124  515 (203)
 - public static final 'GL_GREATER' 'I' @128  516 (204)
 - public static final 'GL_NOTEQUAL' 'I' @132  517 (205)
 - public static final 'GL_GEQUAL' 'I' @136  518 (206)
 - public static final 'GL_ALWAYS' 'I' @140  519 (207)
 - public static final 'GL_DEPTH_BUFFER_BIT' 'I' @144  256 (100)
 - public static final 'GL_STENCIL_BUFFER_BIT' 'I' @148  1024 (400)
 - public static final 'GL_COLOR_BUFFER_BIT' 'I' @152  16384 (4000)
 - public static final 'GL_POINTS' 'I' @156  0
 - public static final 'GL_LINES' 'I' @160  1
 - public static final 'GL_LINE_LOOP' 'I' @164  2
 - public static final 'GL_LINE_STRIP' 'I' @168  3
 - public static final 'GL_TRIANGLES' 'I' @172  4
 - public static final 'GL_TRIANGLE_STRIP' 'I' @176  5
 - public static final 'GL_TRIANGLE_FAN' 'I' @180  6
 - public static final 'GL_QUADS' 'I' @184  7
 - public static final 'GL_ZERO' 'I' @188  0
 - public static final 'GL_ONE' 'I' @192  1
 - public static final 'GL_SRC_COLOR' 'I' @196  768 (300)
 - public static final 'GL_ONE_MINUS_SRC_COLOR' 'I' @200  769 (301)
 - public static final 'GL_SRC_ALPHA' 'I' @204  770 (302)
 - public static final 'GL_ONE_MINUS_SRC_ALPHA' 'I' @208  771 (303)
 - public static final 'GL_DST_ALPHA' 'I' @212  772 (304)
 - public static final 'GL_ONE_MINUS_DST_ALPHA' 'I' @216  773 (305)
 - public static final 'GL_DST_COLOR' 'I' @220  774 (306)
 - public static final 'GL_ONE_MINUS_DST_COLOR' 'I' @224  775 (307)
 - public static final 'GL_SRC_ALPHA_SATURATE' 'I' @228  776 (308)
 - public static final 'GL_TRUE' 'I' @232  1
 - public static final 'GL_FALSE' 'I' @236  0
 - public static final 'GL_BYTE' 'I' @240  5120 (1400)
 - public static final 'GL_UNSIGNED_BYTE' 'I' @244  5121 (1401)
 - public static final 'GL_SHORT' 'I' @248  5122 (1402)
 - public static final 'GL_UNSIGNED_SHORT' 'I' @252  5123 (1403)
 - public static final 'GL_INT' 'I' @256  5124 (1404)
 - public static final 'GL_UNSIGNED_INT' 'I' @260  5125 (1405)
 - public static final 'GL_FLOAT' 'I' @264  5126 (1406)
 - public static final 'GL_DOUBLE' 'I' @268  5130 (140a)
 - public static final 'GL_NONE' 'I' @272  0
 - public static final 'GL_FRONT_LEFT' 'I' @276  1024 (400)
 - public static final 'GL_FRONT_RIGHT' 'I' @280  1025 (401)
 - public static final 'GL_BACK_LEFT' 'I' @284  1026 (402)
 - public static final 'GL_BACK_RIGHT' 'I' @288  1027 (403)
 - public static final 'GL_FRONT' 'I' @292  1028 (404)
 - public static final 'GL_BACK' 'I' @296  1029 (405)
 - public static final 'GL_LEFT' 'I' @300  1030 (406)
 - public static final 'GL_RIGHT' 'I' @304  1031 (407)
 - public static final 'GL_FRONT_AND_BACK' 'I' @308  1032 (408)
 - public static final 'GL_NO_ERROR' 'I' @312  0
 - public static final 'GL_INVALID_ENUM' 'I' @316  1280 (500)
 - public static final 'GL_INVALID_VALUE' 'I' @320  1281 (501)
 - public static final 'GL_INVALID_OPERATION' 'I' @324  1282 (502)
 - public static final 'GL_STACK_OVERFLOW' 'I' @328  1283 (503)
 - public static final 'GL_STACK_UNDERFLOW' 'I' @332  1284 (504)
 - public static final 'GL_OUT_OF_MEMORY' 'I' @336  1285 (505)
 - public static final 'GL_CW' 'I' @340  2304 (900)
 - public static final 'GL_CCW' 'I' @344  2305 (901)
 - public static final 'GL_POINT_SIZE' 'I' @348  2833 (b11)
 - public static final 'GL_POINT_SIZE_RANGE' 'I' @352  2834 (b12)
 - public static final 'GL_POINT_SIZE_GRANULARITY' 'I' @356  2835 (b13)
 - public static final 'GL_LINE_SMOOTH' 'I' @360  2848 (b20)
 - public static final 'GL_LINE_WIDTH' 'I' @364  2849 (b21)
 - public static final 'GL_LINE_WIDTH_RANGE' 'I' @368  2850 (b22)
 - public static final 'GL_LINE_WIDTH_GRANULARITY' 'I' @372  2851 (b23)
 - public static final 'GL_POLYGON_MODE' 'I' @376  2880 (b40)
 - public static final 'GL_POLYGON_SMOOTH' 'I' @380  2881 (b41)
 - public static final 'GL_CULL_FACE' 'I' @384  2884 (b44)
 - public static final 'GL_CULL_FACE_MODE' 'I' @388  2885 (b45)
 - public static final 'GL_FRONT_FACE' 'I' @392  2886 (b46)
 - public static final 'GL_DEPTH_RANGE' 'I' @396  2928 (b70)
 - public static final 'GL_DEPTH_TEST' 'I' @400  2929 (b71)
 - public static final 'GL_DEPTH_WRITEMASK' 'I' @404  2930 (b72)
 - public static final 'GL_DEPTH_CLEAR_VALUE' 'I' @408  2931 (b73)
 - public static final 'GL_DEPTH_FUNC' 'I' @412  2932 (b74)
 - public static final 'GL_STENCIL_TEST' 'I' @416  2960 (b90)
 - public static final 'GL_STENCIL_CLEAR_VALUE' 'I' @420  2961 (b91)
 - public static final 'GL_STENCIL_FUNC' 'I' @424  2962 (b92)
 - public static final 'GL_STENCIL_VALUE_MASK' 'I' @428  2963 (b93)
 - public static final 'GL_STENCIL_FAIL' 'I' @432  2964 (b94)
 - public static final 'GL_STENCIL_PASS_DEPTH_FAIL' 'I' @436  2965 (b95)
 - public static final 'GL_STENCIL_PASS_DEPTH_PASS' 'I' @440  2966 (b96)
 - public static final 'GL_STENCIL_REF' 'I' @444  2967 (b97)
 - public static final 'GL_STENCIL_WRITEMASK' 'I' @448  2968 (b98)
 - public static final 'GL_VIEWPORT' 'I' @452  2978 (ba2)
 - public static final 'GL_DITHER' 'I' @456  3024 (bd0)
 - public static final 'GL_BLEND_DST' 'I' @460  3040 (be0)
 - public static final 'GL_BLEND_SRC' 'I' @464  3041 (be1)
 - public static final 'GL_BLEND' 'I' @468  3042 (be2)
 - public static final 'GL_LOGIC_OP_MODE' 'I' @472  3056 (bf0)
 - public static final 'GL_COLOR_LOGIC_OP' 'I' @476  3058 (bf2)
 - public static final 'GL_DRAW_BUFFER' 'I' @480  3073 (c01)
 - public static final 'GL_READ_BUFFER' 'I' @484  3074 (c02)
 - public static final 'GL_SCISSOR_BOX' 'I' @488  3088 (c10)
 - public static final 'GL_SCISSOR_TEST' 'I' @492  3089 (c11)
 - public static final 'GL_COLOR_CLEAR_VALUE' 'I' @496  3106 (c22)
 - public static final 'GL_COLOR_WRITEMASK' 'I' @500  3107 (c23)
 - public static final 'GL_DOUBLEBUFFER' 'I' @504  3122 (c32)
 - public static final 'GL_STEREO' 'I' @508  3123 (c33)
 - public static final 'GL_LINE_SMOOTH_HINT' 'I' @512  3154 (c52)
 - public static final 'GL_POLYGON_SMOOTH_HINT' 'I' @516  3155 (c53)
 - public static final 'GL_UNPACK_SWAP_BYTES' 'I' @520  3312 (cf0)
 - public static final 'GL_UNPACK_LSB_FIRST' 'I' @524  3313 (cf1)
 - public static final 'GL_UNPACK_ROW_LENGTH' 'I' @528  3314 (cf2)
 - public static final 'GL_UNPACK_SKIP_ROWS' 'I' @532  3315 (cf3)
 - public static final 'GL_UNPACK_SKIP_PIXELS' 'I' @536  3316 (cf4)
 - public static final 'GL_UNPACK_ALIGNMENT' 'I' @540  3317 (cf5)
 - public static final 'GL_PACK_SWAP_BYTES' 'I' @544  3328 (d00)
 - public static final 'GL_PACK_LSB_FIRST' 'I' @548  3329 (d01)
 - public static final 'GL_PACK_ROW_LENGTH' 'I' @552  3330 (d02)
 - public static final 'GL_PACK_SKIP_ROWS' 'I' @556  3331 (d03)
 - public static final 'GL_PACK_SKIP_PIXELS' 'I' @560  3332 (d04)
 - public static final 'GL_PACK_ALIGNMENT' 'I' @564  3333 (d05)
 - public static final 'GL_MAX_TEXTURE_SIZE' 'I' @568  3379 (d33)
 - public static final 'GL_MAX_VIEWPORT_DIMS' 'I' @572  3386 (d3a)
 - public static final 'GL_SUBPIXEL_BITS' 'I' @576  3408 (d50)
 - public static final 'GL_TEXTURE_1D' 'I' @580  3552 (de0)
 - public static final 'GL_TEXTURE_2D' 'I' @584  3553 (de1)
 - public static final 'GL_TEXTURE_WIDTH' 'I' @588  4096 (1000)
 - public static final 'GL_TEXTURE_HEIGHT' 'I' @592  4097 (1001)
 - public static final 'GL_TEXTURE_INTERNAL_FORMAT' 'I' @596  4099 (1003)
 - public static final 'GL_TEXTURE_BORDER_COLOR' 'I' @600  4100 (1004)
 - public static final 'GL_DONT_CARE' 'I' @604  4352 (1100)
 - public static final 'GL_FASTEST' 'I' @608  4353 (1101)
 - public static final 'GL_NICEST' 'I' @612  4354 (1102)
 - public static final 'GL_CLEAR' 'I' @616  5376 (1500)
 - public static final 'GL_AND' 'I' @620  5377 (1501)
 - public static final 'GL_AND_REVERSE' 'I' @624  5378 (1502)
 - public static final 'GL_COPY' 'I' @628  5379 (1503)
 - public static final 'GL_AND_INVERTED' 'I' @632  5380 (1504)
 - public static final 'GL_NOOP' 'I' @636  5381 (1505)
 - public static final 'GL_XOR' 'I' @640  5382 (1506)
 - public static final 'GL_OR' 'I' @644  5383 (1507)
 - public static final 'GL_NOR' 'I' @648  5384 (1508)
 - public static final 'GL_EQUIV' 'I' @652  5385 (1509)
 - public static final 'GL_INVERT' 'I' @656  5386 (150a)
 - public static final 'GL_OR_REVERSE' 'I' @660  5387 (150b)
 - public static final 'GL_COPY_INVERTED' 'I' @664  5388 (150c)
 - public static final 'GL_OR_INVERTED' 'I' @668  5389 (150d)
 - public static final 'GL_NAND' 'I' @672  5390 (150e)
 - public static final 'GL_SET' 'I' @676  5391 (150f)
 - public static final 'GL_TEXTURE' 'I' @680  5890 (1702)
 - public static final 'GL_COLOR' 'I' @684  6144 (1800)
 - public static final 'GL_DEPTH' 'I' @688  6145 (1801)
 - public static final 'GL_STENCIL' 'I' @692  6146 (1802)
 - public static final 'GL_STENCIL_INDEX' 'I' @696  6401 (1901)
 - public static final 'GL_DEPTH_COMPONENT' 'I' @700  6402 (1902)
 - public static final 'GL_RED' 'I' @704  6403 (1903)
 - public static final 'GL_GREEN' 'I' @708  6404 (1904)
 - public static final 'GL_BLUE' 'I' @712  6405 (1905)
 - public static final 'GL_ALPHA' 'I' @716  6406 (1906)
 - public static final 'GL_RGB' 'I' @720  6407 (1907)
 - public static final 'GL_RGBA' 'I' @724  6408 (1908)
 - public static final 'GL_POINT' 'I' @728  6912 (1b00)
 - public static final 'GL_LINE' 'I' @732  6913 (1b01)
 - public static final 'GL_FILL' 'I' @736  6914 (1b02)
 - public static final 'GL_KEEP' 'I' @740  7680 (1e00)
 - public static final 'GL_REPLACE' 'I' @744  7681 (1e01)
 - public static final 'GL_INCR' 'I' @748  7682 (1e02)
 - public static final 'GL_DECR' 'I' @752  7683 (1e03)
 - public static final 'GL_VENDOR' 'I' @756  7936 (1f00)
 - public static final 'GL_RENDERER' 'I' @760  7937 (1f01)
 - public static final 'GL_VERSION' 'I' @764  7938 (1f02)
 - public static final 'GL_EXTENSIONS' 'I' @768  7939 (1f03)
 - public static final 'GL_NEAREST' 'I' @772  9728 (2600)
 - public static final 'GL_LINEAR' 'I' @776  9729 (2601)
 - public static final 'GL_NEAREST_MIPMAP_NEAREST' 'I' @780  9984 (2700)
 - public static final 'GL_LINEAR_MIPMAP_NEAREST' 'I' @784  9985 (2701)
 - public static final 'GL_NEAREST_MIPMAP_LINEAR' 'I' @788  9986 (2702)
 - public static final 'GL_LINEAR_MIPMAP_LINEAR' 'I' @792  9987 (2703)
 - public static final 'GL_TEXTURE_MAG_FILTER' 'I' @796  10240 (2800)
 - public static final 'GL_TEXTURE_MIN_FILTER' 'I' @800  10241 (2801)
 - public static final 'GL_TEXTURE_WRAP_S' 'I' @804  10242 (2802)
 - public static final 'GL_TEXTURE_WRAP_T' 'I' @808  10243 (2803)
 - public static final 'GL_REPEAT' 'I' @812  10497 (2901)
 - public static final 'GL_POLYGON_OFFSET_FACTOR' 'I' @816  32824 (8038)
 - public static final 'GL_POLYGON_OFFSET_UNITS' 'I' @820  10752 (2a00)
 - public static final 'GL_POLYGON_OFFSET_POINT' 'I' @824  10753 (2a01)
 - public static final 'GL_POLYGON_OFFSET_LINE' 'I' @828  10754 (2a02)
 - public static final 'GL_POLYGON_OFFSET_FILL' 'I' @832  32823 (8037)
 - public static final 'GL_R3_G3_B2' 'I' @836  10768 (2a10)
 - public static final 'GL_RGB4' 'I' @840  32847 (804f)
 - public static final 'GL_RGB5' 'I' @844  32848 (8050)
 - public static final 'GL_RGB8' 'I' @848  32849 (8051)
 - public static final 'GL_RGB10' 'I' @852  32850 (8052)
 - public static final 'GL_RGB12' 'I' @856  32851 (8053)
 - public static final 'GL_RGB16' 'I' @860  32852 (8054)
 - public static final 'GL_RGBA2' 'I' @864  32853 (8055)
 - public static final 'GL_RGBA4' 'I' @868  32854 (8056)
 - public static final 'GL_RGB5_A1' 'I' @872  32855 (8057)
 - public static final 'GL_RGBA8' 'I' @876  32856 (8058)
 - public static final 'GL_RGB10_A2' 'I' @880  32857 (8059)
 - public static final 'GL_RGBA12' 'I' @884  32858 (805a)
 - public static final 'GL_RGBA16' 'I' @888  32859 (805b)
 - public static final 'GL_TEXTURE_RED_SIZE' 'I' @892  32860 (805c)
 - public static final 'GL_TEXTURE_GREEN_SIZE' 'I' @896  32861 (805d)
 - public static final 'GL_TEXTURE_BLUE_SIZE' 'I' @900  32862 (805e)
 - public static final 'GL_TEXTURE_ALPHA_SIZE' 'I' @904  32863 (805f)
 - public static final 'GL_PROXY_TEXTURE_1D' 'I' @908  32867 (8063)
 - public static final 'GL_PROXY_TEXTURE_2D' 'I' @912  32868 (8064)
 - public static final 'GL_TEXTURE_BINDING_1D' 'I' @916  32872 (8068)
 - public static final 'GL_TEXTURE_BINDING_2D' 'I' @920  32873 (8069)
 - public static final 'GL_VERTEX_ARRAY' 'I' @924  32884 (8074)
R12=0x0 is NULL
R13={method} {0x000001d6170833e8} 'nglGenTextures' '(IJ)V' in 'org/lwjgl/opengl/GL11C'
R14=0x00000069abeff3e8 is pointing into the stack for thread: 0x000001d66a134ca0
R15=0x000001d66a134ca0 is a thread


Registers:
RAX=0x000001d60a1a9010, RBX=0x000001d6170833e0, RCX=0x0000000000000001, RDX=0x000001d60a16947c
RSP=0x00000069abeff328, RBP=0x00000069abeff3b8, RSI=0x000001d67f7e58e0, RDI=0x0000000000000001
R8 =0x0000000000000001, R9 =0x000001d60a16947c, R10=0x0000000000000000, R11=0x000000071104d5a0
R12=0x0000000000000000, R13=0x000001d6170833e0, R14=0x00000069abeff3e8, R15=0x000001d66a134ca0
RIP=0x00007fffe8d8c64d, EFLAGS=0x0000000000010206

Top of Stack: (sp=0x00000069abeff328)
0x00000069abeff328:   000001d66d88d621 0000000000000001
0x00000069abeff338:   000001d66d88d33c 000001d6170833e0
0x00000069abeff348:   000001d67f7e58e0 00000069abeff368
0x00000069abeff358:   00000069abeff3d0 000001d66d8895cd
0x00000069abeff368:   000001d66d88d2f6 00000069abeff370
0x00000069abeff378:   000001d6170833e0 00000069abeff3e8
0x00000069abeff388:   000001d61707f288 0000000000000000
0x00000069abeff398:   000000071104d5a0 000001d6170833e0
0x00000069abeff3a8:   0000000000000000 00000069abeff3d8
0x00000069abeff3b8:   00000069abeff438 000001d66d8894fe
0x00000069abeff3c8:   000000071104d5a0 000001d66d88af78
0x00000069abeff3d8:   000001d60a16947c 0000000000000000
0x00000069abeff3e8:   0000000000000001 00000069abeff3f0
0x00000069abeff3f8:   000001d617083574 00000069abeff468
0x00000069abeff408:   000001d61707f288 0000000000000000
0x00000069abeff418:   000000071104d5a0 000001d6170835e0 

Instructions: (pc=0x00007fffe8d8c64d)
0x00007fffe8d8c54d:   cc cc cc 48 8b 01 41 0f b6 c8 48 8b 50 18 48 ff
0x00007fffe8d8c55d:   a2 d0 01 00 00 cc cc cc cc cc cc cc cc cc cc cc
0x00007fffe8d8c56d:   cc cc cc 48 8b 01 0f 28 cb 0f 28 c2 48 8b 48 18
0x00007fffe8d8c57d:   48 ff a1 d8 01 00 00 cc cc cc cc cc cc cc cc cc
0x00007fffe8d8c58d:   cc cc cc 48 8b 01 45 8b d8 44 8b 44 24 28 41 8b
0x00007fffe8d8c59d:   d1 41 8b cb 4c 8b 50 18 49 ff a2 e8 01 00 00 cc
0x00007fffe8d8c5ad:   cc cc cc 48 8b 01 41 8b c8 48 8b 50 18 48 ff a2
0x00007fffe8d8c5bd:   f0 01 00 00 cc cc cc cc cc cc cc cc cc cc cc cc
0x00007fffe8d8c5cd:   cc cc cc 40 53 48 8b 01 41 8b d8 44 8b 44 24 30
0x00007fffe8d8c5dd:   41 8b d1 4c 8b 4c 24 38 8b cb 4c 8b 50 18 5b 49
0x00007fffe8d8c5ed:   ff a2 f8 01 00 00 cc cc cc cc cc cc cc cc cc cc
0x00007fffe8d8c5fd:   cc cc cc 48 8b 01 48 8b 48 18 48 ff a1 98 02 00
0x00007fffe8d8c60d:   00 cc cc 48 8b 01 48 8b 48 18 48 ff a1 a0 02 00
0x00007fffe8d8c61d:   00 cc cc 48 8b 01 41 8b c8 48 8b 50 18 48 ff a2
0x00007fffe8d8c62d:   c8 02 00 00 cc cc cc cc cc cc cc cc cc cc cc cc
0x00007fffe8d8c63d:   cc cc cc 48 8b 01 49 8b d1 41 8b c8 4c 8b 50 18
0x00007fffe8d8c64d:   49 ff a2 d8 02 00 00 cc cc cc cc cc cc cc cc cc
0x00007fffe8d8c65d:   cc cc cc 48 8b 01 49 8b d1 41 8b c8 4c 8b 50 18
0x00007fffe8d8c66d:   49 ff a2 e0 02 00 00 cc cc cc cc cc cc cc cc cc
0x00007fffe8d8c67d:   cc cc cc 48 8b 01 49 8b d1 41 8b c8 4c 8b 50 18
0x00007fffe8d8c68d:   49 ff a2 f0 02 00 00 cc cc cc cc cc cc cc cc cc
0x00007fffe8d8c69d:   cc cc cc 48 8b 01 49 8b d1 41 8b c8 4c 8b 50 18
0x00007fffe8d8c6ad:   49 ff a2 f8 02 00 00 cc cc cc cc cc cc cc cc cc
0x00007fffe8d8c6bd:   cc cc cc 48 8b 01 49 8b d1 41 8b c8 4c 8b 50 18
0x00007fffe8d8c6cd:   49 ff a2 00 03 00 00 cc cc cc cc cc cc cc cc cc
0x00007fffe8d8c6dd:   cc cc cc 48 8b 01 49 8b d1 41 8b c8 4c 8b 50 18
0x00007fffe8d8c6ed:   49 ff a2 08 03 00 00 cc cc cc cc cc cc cc cc cc
0x00007fffe8d8c6fd:   cc cc cc 48 8b 01 48 8b 48 18 48 8b 81 10 03 00
0x00007fffe8d8c70d:   00 48 ff e0 cc cc cc cc cc cc cc cc cc cc cc cc
0x00007fffe8d8c71d:   cc cc cc 48 8b 01 49 8b d1 41 8b c8 4c 8b 50 18
0x00007fffe8d8c72d:   49 ff a2 68 03 00 00 cc cc cc cc cc cc cc cc cc
0x00007fffe8d8c73d:   cc cc cc 48 8b 01 48 8b 48 18 48 8b 81 78 03 00 


Stack slot to memory mapping:
stack at sp + 0 slots: 0x000001d66d88d621 is at code_begin+993 in an Interpreter codelet
method entry point (kind = native)  [0x000001d66d88d240, 0x000001d66d88dbc0]  2432 bytes
stack at sp + 1 slots: 0x0000000000000001 is an unknown value
stack at sp + 2 slots: 0x000001d66d88d33c is at code_begin+252 in an Interpreter codelet
method entry point (kind = native)  [0x000001d66d88d240, 0x000001d66d88dbc0]  2432 bytes
stack at sp + 3 slots: {method} {0x000001d6170833e8} 'nglGenTextures' '(IJ)V' in 'org/lwjgl/opengl/GL11C'
stack at sp + 4 slots: 0x000001d67f7e58e0 is pointing into metadata
stack at sp + 5 slots: 0x00000069abeff368 is pointing into the stack for thread: 0x000001d66a134ca0
stack at sp + 6 slots: 0x00000069abeff3d0 is pointing into the stack for thread: 0x000001d66a134ca0
stack at sp + 7 slots: 0x000001d66d8895cd is at code_begin+1325 in an Interpreter codelet
return entry points  [0x000001d66d8890a0, 0x000001d66d889ba0]  2816 bytes


---------------  P R O C E S S  ---------------

Threads class SMR info:
_java_thread_list=0x000001d67fa2be30, length=12, elements={
0x000001d66a134ca0, 0x000001d67f84ce30, 0x000001d67f84d8f0, 0x000001d67f8acb00,
0x000001d67f8adbd0, 0x000001d67f8ae490, 0x000001d67f8a2750, 0x000001d67f8a7460,
0x000001d67f8a8170, 0x000001d67f8bb0e0, 0x000001d67fa21550, 0x000001d67fa2d170
}

Java Threads: ( => current thread )
=>0x000001d66a134ca0 JavaThread "main" [_thread_in_native, id=15208, stack(0x00000069abe00000,0x00000069abf00000)]
  0x000001d67f84ce30 JavaThread "Reference Handler" daemon [_thread_blocked, id=9988, stack(0x00000069ac500000,0x00000069ac600000)]
  0x000001d67f84d8f0 JavaThread "Finalizer" daemon [_thread_blocked, id=10856, stack(0x00000069ac600000,0x00000069ac700000)]
  0x000001d67f8acb00 JavaThread "Signal Dispatcher" daemon [_thread_blocked, id=8328, stack(0x00000069ac700000,0x00000069ac800000)]
  0x000001d67f8adbd0 JavaThread "Attach Listener" daemon [_thread_blocked, id=7052, stack(0x00000069ac800000,0x00000069ac900000)]
  0x000001d67f8ae490 JavaThread "Service Thread" daemon [_thread_blocked, id=20188, stack(0x00000069ac900000,0x00000069aca00000)]
  0x000001d67f8a2750 JavaThread "Monitor Deflation Thread" daemon [_thread_blocked, id=12776, stack(0x00000069aca00000,0x00000069acb00000)]
  0x000001d67f8a7460 JavaThread "C2 CompilerThread0" daemon [_thread_blocked, id=3524, stack(0x00000069acb00000,0x00000069acc00000)]
  0x000001d67f8a8170 JavaThread "C1 CompilerThread0" daemon [_thread_blocked, id=19180, stack(0x00000069acc00000,0x00000069acd00000)]
  0x000001d67f8bb0e0 JavaThread "Sweeper thread" daemon [_thread_blocked, id=6648, stack(0x00000069acd00000,0x00000069ace00000)]
  0x000001d67fa21550 JavaThread "Notification Thread" daemon [_thread_blocked, id=2880, stack(0x00000069ace00000,0x00000069acf00000)]
  0x000001d67fa2d170 JavaThread "Common-Cleaner" daemon [_thread_blocked, id=7056, stack(0x00000069ad000000,0x00000069ad100000)]

Other Threads:
  0x000001d67f847350 VMThread "VM Thread" [stack: 0x00000069ac400000,0x00000069ac500000] [id=20324]
  0x000001d66a1b98c0 WatcherThread [stack: 0x00000069acf00000,0x00000069ad000000] [id=6832]
  0x000001d66a1a05f0 GCTaskThread "GC Thread#0" [stack: 0x00000069abf00000,0x00000069ac000000] [id=6864]
  0x000001d66a1b13f0 ConcurrentGCThread "G1 Main Marker" [stack: 0x00000069ac000000,0x00000069ac100000] [id=11320]
  0x000001d66a1b24b0 ConcurrentGCThread "G1 Conc#0" [stack: 0x00000069ac100000,0x00000069ac200000] [id=13116]
  0x000001d66a1ee090 ConcurrentGCThread "G1 Refine#0" [stack: 0x00000069ac200000,0x00000069ac300000] [id=11244]
  0x000001d66a1ee860 ConcurrentGCThread "G1 Service" [stack: 0x00000069ac300000,0x00000069ac400000] [id=6728]

Threads with active compile tasks:

VM state: not at safepoint (normal execution)

VM Mutex/Monitor currently owned by a thread: None

Heap address: 0x0000000701a00000, size: 4070 MB, Compressed Oops mode: Zero based, Oop shift amount: 3

CDS archive(s) not mapped
Compressed class space mapped at: 0x0000000800000000-0x0000000840000000, reserved size: 1073741824
Narrow klass base: 0x0000000800000000, Narrow klass shift: 0, Narrow klass range: 0x40000000

GC Precious Log:
 CPUs: 8 total, 8 available
 Memory: 16277M
 Large Page Support: Disabled
 NUMA Support: Disabled
 Compressed Oops: Enabled (Zero based)
 Heap Region Size: 2M
 Heap Min Capacity: 8M
 Heap Initial Capacity: 256M
 Heap Max Capacity: 4070M
 Pre-touch: Disabled
 Parallel Workers: 8
 Concurrent Workers: 2
 Concurrent Refinement Workers: 8
 Periodic GC: Disabled

Heap:
 garbage-first heap   total 262144K, used 8192K [0x0000000701a00000, 0x0000000800000000)
  region size 2048K, 5 young (10240K), 0 survivors (0K)
 Metaspace       used 9588K, committed 9792K, reserved 1064960K
  class space    used 759K, committed 832K, reserved 1048576K

Heap Regions: E=young(eden), S=young(survivor), O=old, HS=humongous(starts), HC=humongous(continues), CS=collection set, F=free, OA=open archive, CA=closed archive, TAMS=top-at-mark-start (previous, next)
|   0|0x0000000701a00000, 0x0000000701a00000, 0x0000000701c00000|  0%| F|  |TAMS 0x0000000701a00000, 0x0000000701a00000| Untracked 
|   1|0x0000000701c00000, 0x0000000701c00000, 0x0000000701e00000|  0%| F|  |TAMS 0x0000000701c00000, 0x0000000701c00000| Untracked 
|   2|0x0000000701e00000, 0x0000000701e00000, 0x0000000702000000|  0%| F|  |TAMS 0x0000000701e00000, 0x0000000701e00000| Untracked 
|   3|0x0000000702000000, 0x0000000702000000, 0x0000000702200000|  0%| F|  |TAMS 0x0000000702000000, 0x0000000702000000| Untracked 
|   4|0x0000000702200000, 0x0000000702200000, 0x0000000702400000|  0%| F|  |TAMS 0x0000000702200000, 0x0000000702200000| Untracked 
|   5|0x0000000702400000, 0x0000000702400000, 0x0000000702600000|  0%| F|  |TAMS 0x0000000702400000, 0x0000000702400000| Untracked 
|   6|0x0000000702600000, 0x0000000702600000, 0x0000000702800000|  0%| F|  |TAMS 0x0000000702600000, 0x0000000702600000| Untracked 
|   7|0x0000000702800000, 0x0000000702800000, 0x0000000702a00000|  0%| F|  |TAMS 0x0000000702800000, 0x0000000702800000| Untracked 
|   8|0x0000000702a00000, 0x0000000702a00000, 0x0000000702c00000|  0%| F|  |TAMS 0x0000000702a00000, 0x0000000702a00000| Untracked 
|   9|0x0000000702c00000, 0x0000000702c00000, 0x0000000702e00000|  0%| F|  |TAMS 0x0000000702c00000, 0x0000000702c00000| Untracked 
|  10|0x0000000702e00000, 0x0000000702e00000, 0x0000000703000000|  0%| F|  |TAMS 0x0000000702e00000, 0x0000000702e00000| Untracked 
|  11|0x0000000703000000, 0x0000000703000000, 0x0000000703200000|  0%| F|  |TAMS 0x0000000703000000, 0x0000000703000000| Untracked 
|  12|0x0000000703200000, 0x0000000703200000, 0x0000000703400000|  0%| F|  |TAMS 0x0000000703200000, 0x0000000703200000| Untracked 
|  13|0x0000000703400000, 0x0000000703400000, 0x0000000703600000|  0%| F|  |TAMS 0x0000000703400000, 0x0000000703400000| Untracked 
|  14|0x0000000703600000, 0x0000000703600000, 0x0000000703800000|  0%| F|  |TAMS 0x0000000703600000, 0x0000000703600000| Untracked 
|  15|0x0000000703800000, 0x0000000703800000, 0x0000000703a00000|  0%| F|  |TAMS 0x0000000703800000, 0x0000000703800000| Untracked 
|  16|0x0000000703a00000, 0x0000000703a00000, 0x0000000703c00000|  0%| F|  |TAMS 0x0000000703a00000, 0x0000000703a00000| Untracked 
|  17|0x0000000703c00000, 0x0000000703c00000, 0x0000000703e00000|  0%| F|  |TAMS 0x0000000703c00000, 0x0000000703c00000| Untracked 
|  18|0x0000000703e00000, 0x0000000703e00000, 0x0000000704000000|  0%| F|  |TAMS 0x0000000703e00000, 0x0000000703e00000| Untracked 
|  19|0x0000000704000000, 0x0000000704000000, 0x0000000704200000|  0%| F|  |TAMS 0x0000000704000000, 0x0000000704000000| Untracked 
|  20|0x0000000704200000, 0x0000000704200000, 0x0000000704400000|  0%| F|  |TAMS 0x0000000704200000, 0x0000000704200000| Untracked 
|  21|0x0000000704400000, 0x0000000704400000, 0x0000000704600000|  0%| F|  |TAMS 0x0000000704400000, 0x0000000704400000| Untracked 
|  22|0x0000000704600000, 0x0000000704600000, 0x0000000704800000|  0%| F|  |TAMS 0x0000000704600000, 0x0000000704600000| Untracked 
|  23|0x0000000704800000, 0x0000000704800000, 0x0000000704a00000|  0%| F|  |TAMS 0x0000000704800000, 0x0000000704800000| Untracked 
|  24|0x0000000704a00000, 0x0000000704a00000, 0x0000000704c00000|  0%| F|  |TAMS 0x0000000704a00000, 0x0000000704a00000| Untracked 
|  25|0x0000000704c00000, 0x0000000704c00000, 0x0000000704e00000|  0%| F|  |TAMS 0x0000000704c00000, 0x0000000704c00000| Untracked 
|  26|0x0000000704e00000, 0x0000000704e00000, 0x0000000705000000|  0%| F|  |TAMS 0x0000000704e00000, 0x0000000704e00000| Untracked 
|  27|0x0000000705000000, 0x0000000705000000, 0x0000000705200000|  0%| F|  |TAMS 0x0000000705000000, 0x0000000705000000| Untracked 
|  28|0x0000000705200000, 0x0000000705200000, 0x0000000705400000|  0%| F|  |TAMS 0x0000000705200000, 0x0000000705200000| Untracked 
|  29|0x0000000705400000, 0x0000000705400000, 0x0000000705600000|  0%| F|  |TAMS 0x0000000705400000, 0x0000000705400000| Untracked 
|  30|0x0000000705600000, 0x0000000705600000, 0x0000000705800000|  0%| F|  |TAMS 0x0000000705600000, 0x0000000705600000| Untracked 
|  31|0x0000000705800000, 0x0000000705800000, 0x0000000705a00000|  0%| F|  |TAMS 0x0000000705800000, 0x0000000705800000| Untracked 
|  32|0x0000000705a00000, 0x0000000705a00000, 0x0000000705c00000|  0%| F|  |TAMS 0x0000000705a00000, 0x0000000705a00000| Untracked 
|  33|0x0000000705c00000, 0x0000000705c00000, 0x0000000705e00000|  0%| F|  |TAMS 0x0000000705c00000, 0x0000000705c00000| Untracked 
|  34|0x0000000705e00000, 0x0000000705e00000, 0x0000000706000000|  0%| F|  |TAMS 0x0000000705e00000, 0x0000000705e00000| Untracked 
|  35|0x0000000706000000, 0x0000000706000000, 0x0000000706200000|  0%| F|  |TAMS 0x0000000706000000, 0x0000000706000000| Untracked 
|  36|0x0000000706200000, 0x0000000706200000, 0x0000000706400000|  0%| F|  |TAMS 0x0000000706200000, 0x0000000706200000| Untracked 
|  37|0x0000000706400000, 0x0000000706400000, 0x0000000706600000|  0%| F|  |TAMS 0x0000000706400000, 0x0000000706400000| Untracked 
|  38|0x0000000706600000, 0x0000000706600000, 0x0000000706800000|  0%| F|  |TAMS 0x0000000706600000, 0x0000000706600000| Untracked 
|  39|0x0000000706800000, 0x0000000706800000, 0x0000000706a00000|  0%| F|  |TAMS 0x0000000706800000, 0x0000000706800000| Untracked 
|  40|0x0000000706a00000, 0x0000000706a00000, 0x0000000706c00000|  0%| F|  |TAMS 0x0000000706a00000, 0x0000000706a00000| Untracked 
|  41|0x0000000706c00000, 0x0000000706c00000, 0x0000000706e00000|  0%| F|  |TAMS 0x0000000706c00000, 0x0000000706c00000| Untracked 
|  42|0x0000000706e00000, 0x0000000706e00000, 0x0000000707000000|  0%| F|  |TAMS 0x0000000706e00000, 0x0000000706e00000| Untracked 
|  43|0x0000000707000000, 0x0000000707000000, 0x0000000707200000|  0%| F|  |TAMS 0x0000000707000000, 0x0000000707000000| Untracked 
|  44|0x0000000707200000, 0x0000000707200000, 0x0000000707400000|  0%| F|  |TAMS 0x0000000707200000, 0x0000000707200000| Untracked 
|  45|0x0000000707400000, 0x0000000707400000, 0x0000000707600000|  0%| F|  |TAMS 0x0000000707400000, 0x0000000707400000| Untracked 
|  46|0x0000000707600000, 0x0000000707600000, 0x0000000707800000|  0%| F|  |TAMS 0x0000000707600000, 0x0000000707600000| Untracked 
|  47|0x0000000707800000, 0x0000000707800000, 0x0000000707a00000|  0%| F|  |TAMS 0x0000000707800000, 0x0000000707800000| Untracked 
|  48|0x0000000707a00000, 0x0000000707a00000, 0x0000000707c00000|  0%| F|  |TAMS 0x0000000707a00000, 0x0000000707a00000| Untracked 
|  49|0x0000000707c00000, 0x0000000707c00000, 0x0000000707e00000|  0%| F|  |TAMS 0x0000000707c00000, 0x0000000707c00000| Untracked 
|  50|0x0000000707e00000, 0x0000000707e00000, 0x0000000708000000|  0%| F|  |TAMS 0x0000000707e00000, 0x0000000707e00000| Untracked 
|  51|0x0000000708000000, 0x0000000708000000, 0x0000000708200000|  0%| F|  |TAMS 0x0000000708000000, 0x0000000708000000| Untracked 
|  52|0x0000000708200000, 0x0000000708200000, 0x0000000708400000|  0%| F|  |TAMS 0x0000000708200000, 0x0000000708200000| Untracked 
|  53|0x0000000708400000, 0x0000000708400000, 0x0000000708600000|  0%| F|  |TAMS 0x0000000708400000, 0x0000000708400000| Untracked 
|  54|0x0000000708600000, 0x0000000708600000, 0x0000000708800000|  0%| F|  |TAMS 0x0000000708600000, 0x0000000708600000| Untracked 
|  55|0x0000000708800000, 0x0000000708800000, 0x0000000708a00000|  0%| F|  |TAMS 0x0000000708800000, 0x0000000708800000| Untracked 
|  56|0x0000000708a00000, 0x0000000708a00000, 0x0000000708c00000|  0%| F|  |TAMS 0x0000000708a00000, 0x0000000708a00000| Untracked 
|  57|0x0000000708c00000, 0x0000000708c00000, 0x0000000708e00000|  0%| F|  |TAMS 0x0000000708c00000, 0x0000000708c00000| Untracked 
|  58|0x0000000708e00000, 0x0000000708e00000, 0x0000000709000000|  0%| F|  |TAMS 0x0000000708e00000, 0x0000000708e00000| Untracked 
|  59|0x0000000709000000, 0x0000000709000000, 0x0000000709200000|  0%| F|  |TAMS 0x0000000709000000, 0x0000000709000000| Untracked 
|  60|0x0000000709200000, 0x0000000709200000, 0x0000000709400000|  0%| F|  |TAMS 0x0000000709200000, 0x0000000709200000| Untracked 
|  61|0x0000000709400000, 0x0000000709400000, 0x0000000709600000|  0%| F|  |TAMS 0x0000000709400000, 0x0000000709400000| Untracked 
|  62|0x0000000709600000, 0x0000000709600000, 0x0000000709800000|  0%| F|  |TAMS 0x0000000709600000, 0x0000000709600000| Untracked 
|  63|0x0000000709800000, 0x0000000709800000, 0x0000000709a00000|  0%| F|  |TAMS 0x0000000709800000, 0x0000000709800000| Untracked 
|  64|0x0000000709a00000, 0x0000000709a00000, 0x0000000709c00000|  0%| F|  |TAMS 0x0000000709a00000, 0x0000000709a00000| Untracked 
|  65|0x0000000709c00000, 0x0000000709c00000, 0x0000000709e00000|  0%| F|  |TAMS 0x0000000709c00000, 0x0000000709c00000| Untracked 
|  66|0x0000000709e00000, 0x0000000709e00000, 0x000000070a000000|  0%| F|  |TAMS 0x0000000709e00000, 0x0000000709e00000| Untracked 
|  67|0x000000070a000000, 0x000000070a000000, 0x000000070a200000|  0%| F|  |TAMS 0x000000070a000000, 0x000000070a000000| Untracked 
|  68|0x000000070a200000, 0x000000070a200000, 0x000000070a400000|  0%| F|  |TAMS 0x000000070a200000, 0x000000070a200000| Untracked 
|  69|0x000000070a400000, 0x000000070a400000, 0x000000070a600000|  0%| F|  |TAMS 0x000000070a400000, 0x000000070a400000| Untracked 
|  70|0x000000070a600000, 0x000000070a600000, 0x000000070a800000|  0%| F|  |TAMS 0x000000070a600000, 0x000000070a600000| Untracked 
|  71|0x000000070a800000, 0x000000070a800000, 0x000000070aa00000|  0%| F|  |TAMS 0x000000070a800000, 0x000000070a800000| Untracked 
|  72|0x000000070aa00000, 0x000000070aa00000, 0x000000070ac00000|  0%| F|  |TAMS 0x000000070aa00000, 0x000000070aa00000| Untracked 
|  73|0x000000070ac00000, 0x000000070ac00000, 0x000000070ae00000|  0%| F|  |TAMS 0x000000070ac00000, 0x000000070ac00000| Untracked 
|  74|0x000000070ae00000, 0x000000070ae00000, 0x000000070b000000|  0%| F|  |TAMS 0x000000070ae00000, 0x000000070ae00000| Untracked 
|  75|0x000000070b000000, 0x000000070b000000, 0x000000070b200000|  0%| F|  |TAMS 0x000000070b000000, 0x000000070b000000| Untracked 
|  76|0x000000070b200000, 0x000000070b200000, 0x000000070b400000|  0%| F|  |TAMS 0x000000070b200000, 0x000000070b200000| Untracked 
|  77|0x000000070b400000, 0x000000070b400000, 0x000000070b600000|  0%| F|  |TAMS 0x000000070b400000, 0x000000070b400000| Untracked 
|  78|0x000000070b600000, 0x000000070b600000, 0x000000070b800000|  0%| F|  |TAMS 0x000000070b600000, 0x000000070b600000| Untracked 
|  79|0x000000070b800000, 0x000000070b800000, 0x000000070ba00000|  0%| F|  |TAMS 0x000000070b800000, 0x000000070b800000| Untracked 
|  80|0x000000070ba00000, 0x000000070ba00000, 0x000000070bc00000|  0%| F|  |TAMS 0x000000070ba00000, 0x000000070ba00000| Untracked 
|  81|0x000000070bc00000, 0x000000070bc00000, 0x000000070be00000|  0%| F|  |TAMS 0x000000070bc00000, 0x000000070bc00000| Untracked 
|  82|0x000000070be00000, 0x000000070be00000, 0x000000070c000000|  0%| F|  |TAMS 0x000000070be00000, 0x000000070be00000| Untracked 
|  83|0x000000070c000000, 0x000000070c000000, 0x000000070c200000|  0%| F|  |TAMS 0x000000070c000000, 0x000000070c000000| Untracked 
|  84|0x000000070c200000, 0x000000070c200000, 0x000000070c400000|  0%| F|  |TAMS 0x000000070c200000, 0x000000070c200000| Untracked 
|  85|0x000000070c400000, 0x000000070c400000, 0x000000070c600000|  0%| F|  |TAMS 0x000000070c400000, 0x000000070c400000| Untracked 
|  86|0x000000070c600000, 0x000000070c600000, 0x000000070c800000|  0%| F|  |TAMS 0x000000070c600000, 0x000000070c600000| Untracked 
|  87|0x000000070c800000, 0x000000070c800000, 0x000000070ca00000|  0%| F|  |TAMS 0x000000070c800000, 0x000000070c800000| Untracked 
|  88|0x000000070ca00000, 0x000000070ca00000, 0x000000070cc00000|  0%| F|  |TAMS 0x000000070ca00000, 0x000000070ca00000| Untracked 
|  89|0x000000070cc00000, 0x000000070cc00000, 0x000000070ce00000|  0%| F|  |TAMS 0x000000070cc00000, 0x000000070cc00000| Untracked 
|  90|0x000000070ce00000, 0x000000070ce00000, 0x000000070d000000|  0%| F|  |TAMS 0x000000070ce00000, 0x000000070ce00000| Untracked 
|  91|0x000000070d000000, 0x000000070d000000, 0x000000070d200000|  0%| F|  |TAMS 0x000000070d000000, 0x000000070d000000| Untracked 
|  92|0x000000070d200000, 0x000000070d200000, 0x000000070d400000|  0%| F|  |TAMS 0x000000070d200000, 0x000000070d200000| Untracked 
|  93|0x000000070d400000, 0x000000070d400000, 0x000000070d600000|  0%| F|  |TAMS 0x000000070d400000, 0x000000070d400000| Untracked 
|  94|0x000000070d600000, 0x000000070d600000, 0x000000070d800000|  0%| F|  |TAMS 0x000000070d600000, 0x000000070d600000| Untracked 
|  95|0x000000070d800000, 0x000000070d800000, 0x000000070da00000|  0%| F|  |TAMS 0x000000070d800000, 0x000000070d800000| Untracked 
|  96|0x000000070da00000, 0x000000070da00000, 0x000000070dc00000|  0%| F|  |TAMS 0x000000070da00000, 0x000000070da00000| Untracked 
|  97|0x000000070dc00000, 0x000000070dc00000, 0x000000070de00000|  0%| F|  |TAMS 0x000000070dc00000, 0x000000070dc00000| Untracked 
|  98|0x000000070de00000, 0x000000070de00000, 0x000000070e000000|  0%| F|  |TAMS 0x000000070de00000, 0x000000070de00000| Untracked 
|  99|0x000000070e000000, 0x000000070e000000, 0x000000070e200000|  0%| F|  |TAMS 0x000000070e000000, 0x000000070e000000| Untracked 
| 100|0x000000070e200000, 0x000000070e200000, 0x000000070e400000|  0%| F|  |TAMS 0x000000070e200000, 0x000000070e200000| Untracked 
| 101|0x000000070e400000, 0x000000070e400000, 0x000000070e600000|  0%| F|  |TAMS 0x000000070e400000, 0x000000070e400000| Untracked 
| 102|0x000000070e600000, 0x000000070e600000, 0x000000070e800000|  0%| F|  |TAMS 0x000000070e600000, 0x000000070e600000| Untracked 
| 103|0x000000070e800000, 0x000000070e800000, 0x000000070ea00000|  0%| F|  |TAMS 0x000000070e800000, 0x000000070e800000| Untracked 
| 104|0x000000070ea00000, 0x000000070ea00000, 0x000000070ec00000|  0%| F|  |TAMS 0x000000070ea00000, 0x000000070ea00000| Untracked 
| 105|0x000000070ec00000, 0x000000070ec00000, 0x000000070ee00000|  0%| F|  |TAMS 0x000000070ec00000, 0x000000070ec00000| Untracked 
| 106|0x000000070ee00000, 0x000000070ee00000, 0x000000070f000000|  0%| F|  |TAMS 0x000000070ee00000, 0x000000070ee00000| Untracked 
| 107|0x000000070f000000, 0x000000070f000000, 0x000000070f200000|  0%| F|  |TAMS 0x000000070f000000, 0x000000070f000000| Untracked 
| 108|0x000000070f200000, 0x000000070f200000, 0x000000070f400000|  0%| F|  |TAMS 0x000000070f200000, 0x000000070f200000| Untracked 
| 109|0x000000070f400000, 0x000000070f400000, 0x000000070f600000|  0%| F|  |TAMS 0x000000070f400000, 0x000000070f400000| Untracked 
| 110|0x000000070f600000, 0x000000070f600000, 0x000000070f800000|  0%| F|  |TAMS 0x000000070f600000, 0x000000070f600000| Untracked 
| 111|0x000000070f800000, 0x000000070f800000, 0x000000070fa00000|  0%| F|  |TAMS 0x000000070f800000, 0x000000070f800000| Untracked 
| 112|0x000000070fa00000, 0x000000070fa00000, 0x000000070fc00000|  0%| F|  |TAMS 0x000000070fa00000, 0x000000070fa00000| Untracked 
| 113|0x000000070fc00000, 0x000000070fc00000, 0x000000070fe00000|  0%| F|  |TAMS 0x000000070fc00000, 0x000000070fc00000| Untracked 
| 114|0x000000070fe00000, 0x000000070fe00000, 0x0000000710000000|  0%| F|  |TAMS 0x000000070fe00000, 0x000000070fe00000| Untracked 
| 115|0x0000000710000000, 0x0000000710000000, 0x0000000710200000|  0%| F|  |TAMS 0x0000000710000000, 0x0000000710000000| Untracked 
| 116|0x0000000710200000, 0x0000000710200000, 0x0000000710400000|  0%| F|  |TAMS 0x0000000710200000, 0x0000000710200000| Untracked 
| 117|0x0000000710400000, 0x0000000710400000, 0x0000000710600000|  0%| F|  |TAMS 0x0000000710400000, 0x0000000710400000| Untracked 
| 118|0x0000000710600000, 0x0000000710600000, 0x0000000710800000|  0%| F|  |TAMS 0x0000000710600000, 0x0000000710600000| Untracked 
| 119|0x0000000710800000, 0x0000000710800000, 0x0000000710a00000|  0%| F|  |TAMS 0x0000000710800000, 0x0000000710800000| Untracked 
| 120|0x0000000710a00000, 0x0000000710a00000, 0x0000000710c00000|  0%| F|  |TAMS 0x0000000710a00000, 0x0000000710a00000| Untracked 
| 121|0x0000000710c00000, 0x0000000710c00000, 0x0000000710e00000|  0%| F|  |TAMS 0x0000000710c00000, 0x0000000710c00000| Untracked 
| 122|0x0000000710e00000, 0x0000000710e00000, 0x0000000711000000|  0%| F|  |TAMS 0x0000000710e00000, 0x0000000710e00000| Untracked 
| 123|0x0000000711000000, 0x0000000711071258, 0x0000000711200000| 22%| E|  |TAMS 0x0000000711000000, 0x0000000711000000| Complete 
| 124|0x0000000711200000, 0x0000000711400000, 0x0000000711400000|100%| E|CS|TAMS 0x0000000711200000, 0x0000000711200000| Complete 
| 125|0x0000000711400000, 0x0000000711600000, 0x0000000711600000|100%| E|CS|TAMS 0x0000000711400000, 0x0000000711400000| Complete 
| 126|0x0000000711600000, 0x0000000711800000, 0x0000000711800000|100%| E|CS|TAMS 0x0000000711600000, 0x0000000711600000| Complete 
| 127|0x0000000711800000, 0x0000000711a00000, 0x0000000711a00000|100%| E|CS|TAMS 0x0000000711800000, 0x0000000711800000| Complete 

Card table byte_map: [0x000001d67d3b0000,0x000001d67dbb0000] _byte_map_base: 0x000001d679ba3000

Marking Bits (Prev, Next): (CMBitMap*) 0x000001d66a1a0b10, (CMBitMap*) 0x000001d66a1a0b50
 Prev Bits: [0x000001d600000000, 0x000001d603f98000)
 Next Bits: [0x000001d603fa0000, 0x000001d607f38000)

Polling page: 0x000001d668050000

Metaspace:

Usage:
  Non-class:      8.62 MB used.
      Class:    759.04 KB used.
       Both:      9.36 MB used.

Virtual space:
  Non-class space:       16.00 MB reserved,       8.75 MB ( 55%) committed,  2 nodes.
      Class space:        1.00 GB reserved,     832.00 KB ( <1%) committed,  1 nodes.
             Both:        1.02 GB reserved,       9.56 MB ( <1%) committed. 

Chunk freelists:
   Non-Class:  2.42 MB
       Class:  3.12 MB
        Both:  5.55 MB

MaxMetaspaceSize: unlimited
CompressedClassSpaceSize: 1.00 GB
Initial GC threshold: 21.00 MB
Current GC threshold: 21.00 MB
CDS: off
MetaspaceReclaimPolicy: balanced
 - commit_granule_bytes: 65536.
 - commit_granule_words: 8192.
 - virtual_space_node_default_size: 1048576.
 - enlarge_chunks_in_place: 1.
 - new_chunks_are_fully_committed: 0.
 - uncommit_free_chunks: 1.
 - use_allocation_guard: 0.
 - handle_deallocations: 1.


Internal statistics:

num_allocs_failed_limit: 0.
num_arena_births: 76.
num_arena_deaths: 0.
num_vsnodes_births: 3.
num_vsnodes_deaths: 0.
num_space_committed: 153.
num_space_uncommitted: 0.
num_chunks_returned_to_freelist: 0.
num_chunks_taken_from_freelist: 180.
num_chunk_merges: 0.
num_chunk_splits: 115.
num_chunks_enlarged: 82.
num_purges: 0.
num_inconsistent_stats: 0.

CodeHeap 'non-profiled nmethods': size=120000Kb used=163Kb max_used=163Kb free=119836Kb
 bounds [0x000001d675350000, 0x000001d6755c0000, 0x000001d67c880000]
CodeHeap 'profiled nmethods': size=120000Kb used=889Kb max_used=889Kb free=119110Kb
 bounds [0x000001d66de20000, 0x000001d66e090000, 0x000001d675350000]
CodeHeap 'non-nmethods': size=5760Kb used=1559Kb max_used=1573Kb free=4200Kb
 bounds [0x000001d66d880000, 0x000001d66daf0000, 0x000001d66de20000]
 total_blobs=1515 nmethods=536 adapters=892
 compilation: enabled
              stopped_count=0, restarted_count=0
 full_count=0

Compilation events (20 events):
Event: 0.608 Thread 0x000001d67f8a8170 nmethod 521 0x000001d675377210 code [0x000001d6753773a0, 0x000001d675377478]
Event: 0.608 Thread 0x000001d67f8a8170  522       1       java.nio.ByteBuffer::base (5 bytes)
Event: 0.608 Thread 0x000001d67f8a8170 nmethod 522 0x000001d675377510 code [0x000001d6753776a0, 0x000001d675377778]
Event: 0.608 Thread 0x000001d67f8a8170  526       3       sun.nio.fs.WindowsPathParser::nextNonSlash (24 bytes)
Event: 0.609 Thread 0x000001d67f8a8170 nmethod 526 0x000001d66defa610 code [0x000001d66defa820, 0x000001d66defaf98]
Event: 0.609 Thread 0x000001d67f8a8170  525       3       java.lang.AbstractStringBuilder::appendChars (207 bytes)
Event: 0.610 Thread 0x000001d67f8a8170 nmethod 525 0x000001d66defb290 code [0x000001d66defb540, 0x000001d66defc4e8]
Event: 0.611 Thread 0x000001d67f8a8170  527       3       java.util.Optional::empty (6 bytes)
Event: 0.611 Thread 0x000001d67f8a8170 nmethod 527 0x000001d66defca90 code [0x000001d66defcc20, 0x000001d66defcd18]
Event: 0.611 Thread 0x000001d67f8a8170  528       3       java.util.regex.Pattern$BmpCharProperty::match (55 bytes)
Event: 0.612 Thread 0x000001d67f8a8170 nmethod 528 0x000001d66defcd90 code [0x000001d66defcf60, 0x000001d66defd408]
Event: 0.612 Thread 0x000001d67f8a8170  529       3       java.util.regex.Pattern$$Lambda$6/0x0000000800084638::is (9 bytes)
Event: 0.612 Thread 0x000001d67f8a8170 nmethod 529 0x000001d66defd590 code [0x000001d66defd720, 0x000001d66defd8f8]
Event: 0.612 Thread 0x000001d67f8a7460  531 %     4       java.lang.StringLatin1::indexOf @ 14 (121 bytes)
Event: 0.612 Thread 0x000001d67f8a8170  530       3       java.util.regex.Pattern::lambda$Single$7 (11 bytes)
Event: 0.612 Thread 0x000001d67f8a8170 nmethod 530 0x000001d66defd990 code [0x000001d66defdb20, 0x000001d66defdc78]
Event: 0.613 Thread 0x000001d67f8a8170  534       3       sun.misc.Unsafe::putLong (11 bytes)
Event: 0.613 Thread 0x000001d67f8a8170 nmethod 534 0x000001d66defdd10 code [0x000001d66defdea0, 0x000001d66defdfb8]
Event: 0.613 Thread 0x000001d67f8a8170  535       3       org.lwjgl.system.MemoryUtil::memPutAddress (29 bytes)
Event: 0.613 Thread 0x000001d67f8a8170 nmethod 535 0x000001d66defe090 code [0x000001d66defe240, 0x000001d66defe438]

GC Heap History (0 events):
No events

Deoptimization events (8 events):
Event: 0.286 Thread 0x000001d66a134ca0 DEOPT PACKING pc=0x000001d66de37667 sp=0x00000069abef9df0
Event: 0.286 Thread 0x000001d66a134ca0 DEOPT UNPACKING pc=0x000001d66d8d2b43 sp=0x00000069abef9210 mode 0
Event: 0.313 Thread 0x000001d66a134ca0 DEOPT PACKING pc=0x000001d66de268d1 sp=0x00000069abefb040
Event: 0.313 Thread 0x000001d66a134ca0 DEOPT UNPACKING pc=0x000001d66d8d2b43 sp=0x00000069abefa4b8 mode 0
Event: 0.346 Thread 0x000001d66a134ca0 Uncommon trap: trap_request=0xffffff45 fr.pc=0x000001d675357164 relative=0x0000000000000064
Event: 0.346 Thread 0x000001d66a134ca0 Uncommon trap: reason=unstable_if action=reinterpret pc=0x000001d675357164 method=java.io.WinNTFileSystem.isSlash(C)Z @ 9 c2
Event: 0.346 Thread 0x000001d66a134ca0 DEOPT PACKING pc=0x000001d675357164 sp=0x00000069abefbb40
Event: 0.346 Thread 0x000001d66a134ca0 DEOPT UNPACKING pc=0x000001d66d8d23a3 sp=0x00000069abefbac8 mode 2

Classes unloaded (0 events):
No events

Classes redefined (0 events):
No events

Internal exceptions (20 events):
Event: 0.308 Thread 0x000001d66a134ca0 Exception <a 'java/lang/NoSuchMethodError'{0x00000007114225d0}: 'java.lang.Object java.lang.invoke.DirectMethodHandle$Holder.invokeStatic(java.lang.Object, java.lang.Object, int)'> (0x00000007114225d0) 
thrown [s\src\hotspot\share\interpreter\linkResolver.cpp, line 771]
Event: 0.309 Thread 0x000001d66a134ca0 Exception <a 'java/lang/NoSuchMethodError'{0x000000071142e340}: 'void java.lang.invoke.DelegatingMethodHandle$Holder.delegate(java.lang.Object, java.lang.Object, int, java.lang.Object)'> (0x000000071142e340) 
thrown [s\src\hotspot\share\interpreter\linkResolver.cpp, line 771]
Event: 0.310 Thread 0x000001d66a134ca0 Exception <a 'java/lang/NoSuchMethodError'{0x0000000711432580}: 'int java.lang.invoke.DirectMethodHandle$Holder.invokeSpecial(java.lang.Object, java.lang.Object, java.lang.Object)'> (0x0000000711432580) 
thrown [s\src\hotspot\share\interpreter\linkResolver.cpp, line 771]
Event: 0.353 Thread 0x000001d66a134ca0 Exception <a 'sun/nio/fs/WindowsException'{0x00000007114debc0}> (0x00000007114debc0) 
thrown [s\src\hotspot\share\prims\jni.cpp, line 517]
Event: 0.353 Thread 0x000001d66a134ca0 Exception <a 'sun/nio/fs/WindowsException'{0x00000007114df108}> (0x00000007114df108) 
thrown [s\src\hotspot\share\prims\jni.cpp, line 517]
Event: 0.365 Thread 0x000001d66a134ca0 Exception <a 'java/lang/NoSuchMethodError'{0x00000007115238b0}: 'int java.lang.invoke.DirectMethodHandle$Holder.invokeStaticInit(java.lang.Object, java.lang.Object, int, long)'> (0x00000007115238b0) 
thrown [s\src\hotspot\share\interpreter\linkResolver.cpp, line 771]
Event: 0.366 Thread 0x000001d66a134ca0 Exception <a 'java/lang/NoSuchMethodError'{0x0000000711529178}: 'java.lang.Object java.lang.invoke.DirectMethodHandle$Holder.newInvokeSpecial(java.lang.Object, java.lang.Object, int)'> (0x0000000711529178) 
thrown [s\src\hotspot\share\interpreter\linkResolver.cpp, line 771]
Event: 0.368 Thread 0x000001d66a134ca0 Exception <a 'java/lang/NoSuchMethodError'{0x000000071153a2c0}: 'int java.lang.invoke.DirectMethodHandle$Holder.invokeStaticInit(java.lang.Object, java.lang.Object, long, long)'> (0x000000071153a2c0) 
thrown [s\src\hotspot\share\interpreter\linkResolver.cpp, line 771]
Event: 0.369 Thread 0x000001d66a134ca0 Exception <a 'java/lang/NoSuchMethodError'{0x00000007115403d0}: 'java.lang.Object java.lang.invoke.DirectMethodHandle$Holder.newInvokeSpecial(java.lang.Object, java.lang.Object, long)'> (0x00000007115403d0) 
thrown [s\src\hotspot\share\interpreter\linkResolver.cpp, line 771]
Event: 0.369 Thread 0x000001d66a134ca0 Exception <a 'java/lang/NoSuchMethodError'{0x0000000711544418}: 'java.lang.Object java.lang.invoke.Invokers$Holder.linkToTargetMethod(java.lang.Object, long, java.lang.Object)'> (0x0000000711544418) 
thrown [s\src\hotspot\share\interpreter\linkResolver.cpp, line 771]
Event: 0.370 Thread 0x000001d66a134ca0 Exception <a 'java/lang/NoSuchMethodError'{0x000000071154bb30}: 'int java.lang.invoke.DirectMethodHandle$Holder.invokeStaticInit(java.lang.Object, java.lang.Object, java.lang.Object, long)'> (0x000000071154bb30) 
thrown [s\src\hotspot\share\interpreter\linkResolver.cpp, line 771]
Event: 0.391 Thread 0x000001d66a134ca0 Exception <a 'sun/nio/fs/WindowsException'{0x0000000711224240}> (0x0000000711224240) 
thrown [s\src\hotspot\share\prims\jni.cpp, line 517]
Event: 0.392 Thread 0x000001d66a134ca0 Exception <a 'sun/nio/fs/WindowsException'{0x00000007112245a0}> (0x00000007112245a0) 
thrown [s\src\hotspot\share\prims\jni.cpp, line 517]
Event: 0.522 Thread 0x000001d66a134ca0 Exception <a 'java/lang/NoSuchMethodError'{0x00000007112874f8}: 'void java.lang.invoke.DirectMethodHandle$Holder.invokeStaticInit(java.lang.Object, long, int, int, int, int)'> (0x00000007112874f8) 
thrown [s\src\hotspot\share\interpreter\linkResolver.cpp, line 771]
Event: 0.525 Thread 0x000001d66a134ca0 Exception <a 'java/lang/NoSuchMethodError'{0x0000000711299700}: 'void java.lang.invoke.DirectMethodHandle$Holder.invokeStaticInit(java.lang.Object, long, double, double)'> (0x0000000711299700) 
thrown [s\src\hotspot\share\interpreter\linkResolver.cpp, line 771]
Event: 0.527 Thread 0x000001d66a134ca0 Exception <a 'java/lang/NoSuchMethodError'{0x00000007112aa280}: 'void java.lang.invoke.DirectMethodHandle$Holder.invokeStaticInit(java.lang.Object, long, int, int, int)'> (0x00000007112aa280) 
thrown [s\src\hotspot\share\interpreter\linkResolver.cpp, line 771]
Event: 0.608 Thread 0x000001d66a134ca0 Exception <a 'sun/nio/fs/WindowsException'{0x0000000711013490}> (0x0000000711013490) 
thrown [s\src\hotspot\share\prims\jni.cpp, line 517]
Event: 0.608 Thread 0x000001d66a134ca0 Exception <a 'sun/nio/fs/WindowsException'{0x0000000711013820}> (0x0000000711013820) 
thrown [s\src\hotspot\share\prims\jni.cpp, line 517]
Event: 0.611 Thread 0x000001d66a134ca0 Exception <a 'sun/nio/fs/WindowsException'{0x000000071101c850}> (0x000000071101c850) 
thrown [s\src\hotspot\share\prims\jni.cpp, line 517]
Event: 0.611 Thread 0x000001d66a134ca0 Exception <a 'sun/nio/fs/WindowsException'{0x000000071101cb20}> (0x000000071101cb20) 
thrown [s\src\hotspot\share\prims\jni.cpp, line 517]

VM Operations (4 events):
Event: 0.167 Executing VM operation: HandshakeAllThreads
Event: 0.167 Executing VM operation: HandshakeAllThreads done
Event: 0.346 Executing VM operation: HandshakeAllThreads
Event: 0.346 Executing VM operation: HandshakeAllThreads done

Events (20 events):
Event: 0.590 loading class java/lang/invoke/VarHandles done
Event: 0.590 loading class java/lang/invoke/VarHandles$1
Event: 0.590 loading class java/lang/invoke/VarHandles$1 done
Event: 0.590 loading class java/lang/invoke/VarHandleReferences$FieldInstanceReadWrite
Event: 0.590 loading class java/lang/invoke/VarHandleReferences$FieldInstanceReadOnly
Event: 0.590 loading class java/lang/invoke/VarHandleReferences$FieldInstanceReadOnly done
Event: 0.590 loading class java/lang/invoke/VarHandleReferences$FieldInstanceReadWrite done
Event: 0.591 loading class java/lang/invoke/VarHandle$1
Event: 0.591 loading class java/lang/invoke/VarHandle$1 done
Event: 0.591 loading class jdk/internal/util/Preconditions$1
Event: 0.591 loading class java/util/function/BiFunction
Event: 0.591 loading class java/util/function/BiFunction done
Event: 0.591 loading class jdk/internal/util/Preconditions$1 done
Event: 0.591 loading class java/lang/invoke/VarHandleGuards
Event: 0.591 loading class java/lang/invoke/VarHandleGuards done
Event: 0.591 loading class java/lang/invoke/VarForm
Event: 0.592 loading class java/lang/invoke/VarForm done
Event: 0.597 loading class java/lang/AssertionError
Event: 0.597 loading class java/lang/AssertionError done
Event: 0.610 Loaded shared library C:\Users\test\AppData\Local\Temp\lwjgltest\3.3.1-build-7\lwjgl_opengl.dll


Dynamic libraries:
0x00007ff719b00000 - 0x00007ff719b0a000 	C:\Users\test\AppData\Local\JetBrains\IntelliJ IDEA Community Edition 2022.2.2\jbr\bin\java.exe
0x00007ff846c50000 - 0x00007ff846e64000 	C:\WINDOWS\SYSTEM32\ntdll.dll
0x00007ff845150000 - 0x00007ff845212000 	C:\WINDOWS\System32\KERNEL32.DLL
0x00007ff844080000 - 0x00007ff84441d000 	C:\WINDOWS\System32\KERNELBASE.dll
0x00007ff844540000 - 0x00007ff844651000 	C:\WINDOWS\System32\ucrtbase.dll
0x00007ff835720000 - 0x00007ff83573b000 	C:\Users\test\AppData\Local\JetBrains\IntelliJ IDEA Community Edition 2022.2.2\jbr\bin\VCRUNTIME140.dll
0x00007ff835680000 - 0x00007ff835697000 	C:\Users\test\AppData\Local\JetBrains\IntelliJ IDEA Community Edition 2022.2.2\jbr\bin\jli.dll
0x00007ff846170000 - 0x00007ff84631a000 	C:\WINDOWS\System32\USER32.dll
0x00007ff8277e0000 - 0x00007ff827a6e000 	C:\WINDOWS\WinSxS\amd64_microsoft.windows.common-controls_6595b64144ccf1df_6.0.22621.608_none_a9444ca7c10bb01d\COMCTL32.dll
0x00007ff846060000 - 0x00007ff846107000 	C:\WINDOWS\System32\msvcrt.dll
0x00007ff844660000 - 0x00007ff844686000 	C:\WINDOWS\System32\win32u.dll
0x00007ff845b90000 - 0x00007ff845bb9000 	C:\WINDOWS\System32\GDI32.dll
0x00007ff844420000 - 0x00007ff844532000 	C:\WINDOWS\System32\gdi32full.dll
0x00007ff844690000 - 0x00007ff84472a000 	C:\WINDOWS\System32\msvcp_win.dll
0x00007ff8456b0000 - 0x00007ff8456e2000 	C:\WINDOWS\System32\IMM32.DLL
0x00007ff8413f0000 - 0x00007ff8413fc000 	C:\Users\test\AppData\Local\JetBrains\IntelliJ IDEA Community Edition 2022.2.2\jbr\bin\vcruntime140_1.dll
0x00007fffe9630000 - 0x00007fffe96bd000 	C:\Users\test\AppData\Local\JetBrains\IntelliJ IDEA Community Edition 2022.2.2\jbr\bin\msvcp140.dll
0x00007ff80f830000 - 0x00007ff810499000 	C:\Users\test\AppData\Local\JetBrains\IntelliJ IDEA Community Edition 2022.2.2\jbr\bin\server\jvm.dll
0x00007ff8457a0000 - 0x00007ff84584e000 	C:\WINDOWS\System32\ADVAPI32.dll
0x00007ff8456f0000 - 0x00007ff845794000 	C:\WINDOWS\System32\sechost.dll
0x00007ff844ae0000 - 0x00007ff844bf5000 	C:\WINDOWS\System32\RPCRT4.dll
0x00007ff834670000 - 0x00007ff834679000 	C:\WINDOWS\SYSTEM32\WSOCK32.dll
0x00007ff846050000 - 0x00007ff846058000 	C:\WINDOWS\System32\PSAPI.DLL
0x00007ff83cfc0000 - 0x00007ff83cff4000 	C:\WINDOWS\SYSTEM32\WINMM.dll
0x00007ff83c010000 - 0x00007ff83c01a000 	C:\WINDOWS\SYSTEM32\VERSION.dll
0x00007ff845220000 - 0x00007ff845291000 	C:\WINDOWS\System32\WS2_32.dll
0x00007ff8430f0000 - 0x00007ff843108000 	C:\WINDOWS\SYSTEM32\kernel.appcore.dll
0x00007ff831d80000 - 0x00007ff831d8a000 	C:\Users\test\AppData\Local\JetBrains\IntelliJ IDEA Community Edition 2022.2.2\jbr\bin\jimage.dll
0x00007ff8337b0000 - 0x00007ff8339de000 	C:\WINDOWS\SYSTEM32\DBGHELP.DLL
0x00007ff845320000 - 0x00007ff8456aa000 	C:\WINDOWS\System32\combase.dll
0x00007ff846340000 - 0x00007ff846417000 	C:\WINDOWS\System32\OLEAUT32.dll
0x00007ff824eb0000 - 0x00007ff824ee2000 	C:\WINDOWS\SYSTEM32\dbgcore.DLL
0x00007ff8447f0000 - 0x00007ff84486b000 	C:\WINDOWS\System32\bcryptPrimitives.dll
0x00007ff82d890000 - 0x00007ff82d8b5000 	C:\Users\test\AppData\Local\JetBrains\IntelliJ IDEA Community Edition 2022.2.2\jbr\bin\java.dll
0x00007ff826f10000 - 0x00007ff826f28000 	C:\Users\test\AppData\Local\JetBrains\IntelliJ IDEA Community Edition 2022.2.2\jbr\bin\zip.dll
0x00007ff846420000 - 0x00007ff846c00000 	C:\WINDOWS\System32\SHELL32.dll
0x00007ff8420c0000 - 0x00007ff842985000 	C:\WINDOWS\SYSTEM32\windows.storage.dll
0x00007ff841f80000 - 0x00007ff8420be000 	C:\WINDOWS\SYSTEM32\wintypes.dll
0x00007ff845050000 - 0x00007ff845141000 	C:\WINDOWS\System32\SHCORE.dll
0x00007ff846110000 - 0x00007ff84616e000 	C:\WINDOWS\System32\shlwapi.dll
0x00007ff843fb0000 - 0x00007ff843fd1000 	C:\WINDOWS\SYSTEM32\profapi.dll
0x00007ff8262f0000 - 0x00007ff826309000 	C:\Users\test\AppData\Local\JetBrains\IntelliJ IDEA Community Edition 2022.2.2\jbr\bin\net.dll
0x00007ff83ce90000 - 0x00007ff83cfbf000 	C:\WINDOWS\SYSTEM32\WINHTTP.dll
0x00007ff843550000 - 0x00007ff8435b9000 	C:\WINDOWS\system32\mswsock.dll
0x00007ff8251d0000 - 0x00007ff8251e6000 	C:\Users\test\AppData\Local\JetBrains\IntelliJ IDEA Community Edition 2022.2.2\jbr\bin\nio.dll
0x00007fffe95b0000 - 0x00007fffe9625000 	C:\Users\test\AppData\Local\Temp\lwjgltest\3.3.1-build-7\lwjgl.dll
0x00007ff80c450000 - 0x00007ff80c4b1000 	C:\Users\test\AppData\Local\Temp\lwjgltest\3.3.1-build-7\glfw.dll
0x00007fffe99f0000 - 0x00007fffe9a36000 	C:\WINDOWS\SYSTEM32\dinput8.dll
0x00007ff830110000 - 0x00007ff830121000 	C:\WINDOWS\SYSTEM32\xinput1_4.dll
0x00007ff843d70000 - 0x00007ff843dbe000 	C:\WINDOWS\SYSTEM32\cfgmgr32.dll
0x00007ff843d30000 - 0x00007ff843d63000 	C:\WINDOWS\SYSTEM32\DEVOBJ.dll
0x00007ff841920000 - 0x00007ff84194b000 	C:\WINDOWS\SYSTEM32\dwmapi.dll
0x00007ff832f60000 - 0x00007ff833161000 	C:\WINDOWS\SYSTEM32\inputhost.dll
0x00007ff841100000 - 0x00007ff841233000 	C:\WINDOWS\SYSTEM32\CoreMessaging.dll
0x00007ff841670000 - 0x00007ff84171b000 	C:\WINDOWS\system32\uxtheme.dll
0x00007ff844ec0000 - 0x00007ff844fde000 	C:\WINDOWS\System32\MSCTF.dll
0x00007ff843800000 - 0x00007ff84380c000 	C:\WINDOWS\SYSTEM32\CRYPTBASE.DLL
0x00007ff80b720000 - 0x00007ff80b820000 	C:\WINDOWS\SYSTEM32\opengl32.dll
0x00007ff80b6f0000 - 0x00007ff80b71d000 	C:\WINDOWS\SYSTEM32\GLU32.dll
0x00007ff8417b0000 - 0x00007ff8417e6000 	C:\WINDOWS\SYSTEM32\dxcore.dll
0x00007ff844c00000 - 0x00007ff844cb7000 	C:\WINDOWS\System32\clbcatq.dll
0x00007ff80a3b0000 - 0x00007ff80a3dd000 	C:\WINDOWS\System32\DriverStore\FileRepository\u0384125.inf_amd64_7509a20b0a165522\B384149\atig6pxx.dll
0x00007ff802f80000 - 0x00007ff806926000 	C:\WINDOWS\System32\DriverStore\FileRepository\u0384125.inf_amd64_7509a20b0a165522\B384149\atio6axx.dll
0x00007ff845bc0000 - 0x00007ff84603a000 	C:\WINDOWS\System32\SETUPAPI.dll
0x00007ff8449e0000 - 0x00007ff844a49000 	C:\WINDOWS\System32\WINTRUST.dll
0x00007ff844870000 - 0x00007ff8449d6000 	C:\WINDOWS\System32\CRYPT32.dll
0x00007ff843860000 - 0x00007ff843872000 	C:\WINDOWS\SYSTEM32\MSASN1.dll
0x00007ff8439f0000 - 0x00007ff843a18000 	C:\WINDOWS\SYSTEM32\BCrypt.dll
0x00007ff833e80000 - 0x00007ff833fad000 	C:\WINDOWS\SYSTEM32\textinputframework.dll
0x00007ff83d380000 - 0x00007ff83d6ec000 	C:\WINDOWS\SYSTEM32\CoreUIComponents.dll
0x00007ff831b80000 - 0x00007ff831b90000 	C:\Users\test\AppData\Local\JetBrains\IntelliJ IDEA Community Edition 2022.2.2\jbr\bin\verify.dll
0x00007fffe8d80000 - 0x00007fffe8ddd000 	C:\Users\test\AppData\Local\Temp\lwjgltest\3.3.1-build-7\lwjgl_opengl.dll

dbghelp: loaded successfully - version: 4.0.5 - missing functions: none
symbol engine: initialized successfully - sym options: 0x614 - pdb path: .;C:\Users\test\AppData\Local\JetBrains\IntelliJ IDEA Community Edition 2022.2.2\jbr\bin;C:\WINDOWS\SYSTEM32;C:\WINDOWS\WinSxS\amd64_microsoft.windows.common-controls_6595b64144ccf1df_6.0.22621.608_none_a9444ca7c10bb01d;C:\Users\test\AppData\Local\JetBrains\IntelliJ IDEA Community Edition 2022.2.2\jbr\bin\server;C:\Users\test\AppData\Local\Temp\lwjgltest\3.3.1-build-7;C:\WINDOWS\System32\DriverStore\FileRepository\u0384125.inf_amd64_7509a20b0a165522\B384149

VM Arguments:
jvm_args: -Dfile.encoding=windows-1254 -Duser.country=US -Duser.language=en -Duser.variant 
java_command: me.raven.Main
java_class_path (initial): C:\Users\test\Documents\dev\Chess\ChessForYou\build\classes\java\main;C:\Users\test\Documents\dev\Chess\ChessForYou\build\resources\main;C:\Users\test\.gradle\caches\modules-2\files-2.1\org.lwjgl\lwjgl-assimp\3.3.1\312072f451794f25670aebb0160ce6ec88aff842\lwjgl-assimp-3.3.1.jar;C:\Users\test\.gradle\caches\modules-2\files-2.1\org.lwjgl\lwjgl-assimp\3.3.1\bfa2a0d57acbf952b716d0ad8a3acbd7ad9f5639\lwjgl-assimp-3.3.1-natives-windows.jar;C:\Users\test\.gradle\caches\modules-2\files-2.1\org.lwjgl\lwjgl-bgfx\3.3.1\4243b7d255d885980f10c36edfb678729493685e\lwjgl-bgfx-3.3.1.jar;C:\Users\test\.gradle\caches\modules-2\files-2.1\org.lwjgl\lwjgl-bgfx\3.3.1\12f22e13c99db9153124dbc17b84fe0233c6f3d5\lwjgl-bgfx-3.3.1-natives-windows.jar;C:\Users\test\.gradle\caches\modules-2\files-2.1\org.lwjgl\lwjgl-glfw\3.3.1\cbac1b8d30cb4795149c1ef540f912671a8616d0\lwjgl-glfw-3.3.1.jar;C:\Users\test\.gradle\caches\modules-2\files-2.1\org.lwjgl\lwjgl-glfw\3.3.1\ed892f945cf7e79c8756796f32d00fa4ceaf573b\lwjgl-glfw-3.3.1-natives-windows.jar;C:\Users\test\.gradle\caches\modules-2\files-2.1\org.lwjgl\lwjgl-nanovg\3.3.1\2f3b4d8f9b8de598517f105ce7e68560f25f11c6\lwjgl-nanovg-3.3.1.jar;C:\Users\test\.gradle\caches\modules-2\files-2.1\org.lwjgl\lwjgl-nanovg\3.3.1\1da0ba083ec772b85b3ea49ba4a3750bf8c7f4e1\lwjgl-nanovg-3.3.1-natives-windows.jar;C:\Users\test\.gradle\caches\modules-2\files-2.1\org.lwjgl\lwjgl-nuklear\3.3.1\628ccf80db3d623f1f559978e4246a23b2d1eeb1\lwjgl-nuklear-3.3.1.jar;C:\Users\test\.gradle\caches\modules-2\files-2.1\org.lwjgl\lwjgl-nuklear\3.3.1\755c93226fa44597741e37c6649e86cefa46b262\lwjgl-nuklear-3.3.1-natives-windows.jar;C:\Users\test\.gradle\caches\modules-2\files-2.1\org.lwjgl\lwjgl-openal\3.3.1\2623a6b8ae1dfcd880738656a9f0243d2e6840bd\lwjgl-openal-3.3.1.jar;C:\Users\test\.gradle\caches\modules-2\files-2.1\org.lwjgl\lwjgl-openal\3.3.1\30a474d0e57193d7bc128849a3ab66bc9316fdb1\lwjgl-openal-3.3.1-natives-windows.jar;C:\Users\test\.gradle\caches\modules-2\files-2
Launcher Type: SUN_STANDARD

[Global flags]
     intx CICompilerCount                          = 4                                         {product} {ergonomic}
     uint ConcGCThreads                            = 2                                         {product} {ergonomic}
     uint G1ConcRefinementThreads                  = 8                                         {product} {ergonomic}
   size_t G1HeapRegionSize                         = 2097152                                   {product} {ergonomic}
    uintx GCDrainStackTargetSize                   = 64                                        {product} {ergonomic}
   size_t InitialHeapSize                          = 268435456                                 {product} {ergonomic}
   size_t MarkStackSize                            = 4194304                                   {product} {ergonomic}
   size_t MaxHeapSize                              = 4267704320                                {product} {ergonomic}
   size_t MaxNewSize                               = 2560622592                                {product} {ergonomic}
   size_t MinHeapDeltaBytes                        = 2097152                                   {product} {ergonomic}
   size_t MinHeapSize                              = 8388608                                   {product} {ergonomic}
    uintx NonNMethodCodeHeapSize                   = 5839372                                {pd product} {ergonomic}
    uintx NonProfiledCodeHeapSize                  = 122909434                              {pd product} {ergonomic}
    uintx ProfiledCodeHeapSize                     = 122909434                              {pd product} {ergonomic}
    uintx ReservedCodeCacheSize                    = 251658240                              {pd product} {ergonomic}
     bool SegmentedCodeCache                       = true                                      {product} {ergonomic}
   size_t SoftMaxHeapSize                          = 4267704320                             {manageable} {ergonomic}
     bool UseCompressedClassPointers               = true                           {product lp64_product} {ergonomic}
     bool UseCompressedOops                        = true                           {product lp64_product} {ergonomic}
     bool UseG1GC                                  = true                                      {product} {ergonomic}
     bool UseLargePagesIndividualAllocation        = false                                  {pd product} {ergonomic}

Logging:
Log output configuration:
 #0: stdout all=warning uptime,level,tags
 #1: stderr all=off uptime,level,tags

Environment Variables:
JAVA_HOME=C:\Program Files\Java\jdk1.8.0_341
PATH=C:\Program Files (x86)\NVIDIA Corporation\PhysX\Common;C:\WINDOWS\system32;C:\WINDOWS;C:\WINDOWS\System32\Wbem;C:\WINDOWS\System32\WindowsPowerShell\v1.0\;C:\WINDOWS\System32\OpenSSH\;C:\Program Files\Git\cmd;C:\Program Files\Java\jdk1.8.0_341\bin;C:\Program Files (x86)\dotnet\;C:\Users\test\.cargo\bin;C:\Users\test\AppData\Local\Microsoft\WindowsApps;C:\Users\test\AppData\Local\GitHubDesktop\bin;C:\Users\test\AppData\Local\JetBrains\Toolbox\scripts;C:\Program Files\CMake\bin
USERNAME=test
OS=Windows_NT
PROCESSOR_IDENTIFIER=AMD64 Family 23 Model 96 Stepping 1, AuthenticAMD
TMP=C:\Users\test\AppData\Local\Temp
TEMP=C:\Users\test\AppData\Local\Temp



---------------  S Y S T E M  ---------------

OS:
 Windows 11 , 64 bit Build 22621 (10.0.22621.755)
OS uptime: 9 days 4:51 hours

CPU: total 8 (initial active 8) (8 cores per cpu, 2 threads per core) family 23 model 96 stepping 1 microcode 0x0, cx8, cmov, fxsr, ht, mmx, 3dnowpref, sse, sse2, sse3, ssse3, sse4a, sse4.1, sse4.2, popcnt, lzcnt, tsc, tscinvbit, avx, avx2, aes, clmul, bmi1, bmi2, adx, sha, fma, vzeroupper, clflush, clflushopt

Memory: 4k page, system-wide physical 16277M (7123M free)
TotalPageFile size 26517M (AvailPageFile size 11070M)
current process WorkingSet (physical memory assigned to process): 111M, peak: 111M
current process commit charge ("private bytes"): 448M, peak: 448M

vm_info: OpenJDK 64-Bit Server VM (17.0.4+7-b469.53) for windows-amd64 JRE (17.0.4+7-b469.53), built on 2022-08-29 by "builduser" with MS VC++ 16.10 / 16.11 (VS2019)

END.
